<?xml version="1.0" encoding="utf-8"?>
<TestRun id="f5525196-c36c-41a5-ab10-8a9e0f43a3a9" name="John-Pierre Hanneman@MOONVALLEY 2026-05-01 07:23:44" runUser="MOONVALLEY\John-Pierre Hanneman" xmlns="http://microsoft.com/schemas/VisualStudio/TeamTest/2010">
  <Times creation="2026-05-01T07:23:44.6090707+02:00" queuing="2026-05-01T07:23:44.6090713+02:00" start="2026-05-01T07:23:43.4632932+02:00" finish="2026-05-01T07:24:32.3469628+02:00" />
  <TestSettings name="default" id="d058a31a-1a2c-4683-a6b9-f2c80417bf1b">
    <Deployment runDeploymentRoot="John-Pierre_Hanneman_MOONVALLEY_2026-05-01_07_23_44" />
  </TestSettings>
  <Results>
    <UnitTestResult executionId="b7f43bb3-8bed-4944-b205-465d931015af" testId="9a628da0-8f99-abe0-8056-462db96e6e1f" testName="Jellyfin.Plugin.TvHeadendApi.Tests.Integration.EndToEndIntegrationTests.DvrService_DvrConfigGrid_ReturnsAtLeastOneConfig" computerName="MOONVALLEY" duration="00:00:00.0080592" startTime="2026-05-01T07:23:47.5280820+02:00" endTime="2026-05-01T07:23:47.5280823+02:00" testType="13cdc9d9-ddb5-4fa4-a97d-d965ccfc6d4b" outcome="Passed" testListId="8c84fa94-04c1-424b-9868-57a2d4851a1d" relativeResultsDirectory="b7f43bb3-8bed-4944-b205-465d931015af" />
    <UnitTestResult executionId="7868de29-110f-498a-9604-6fc249345119" testId="3fd436df-9320-8eee-e055-463178aa9454" testName="Jellyfin.Plugin.TvHeadendApi.Tests.Integration.EndToEndIntegrationTests.TokenService_InvalidCredentials_ReturnsFailure" computerName="MOONVALLEY" duration="00:00:00.0144979" startTime="2026-05-01T07:23:45.7794938+02:00" endTime="2026-05-01T07:23:45.7794942+02:00" testType="13cdc9d9-ddb5-4fa4-a97d-d965ccfc6d4b" outcome="Passed" testListId="8c84fa94-04c1-424b-9868-57a2d4851a1d" relativeResultsDirectory="7868de29-110f-498a-9604-6fc249345119" />
    <UnitTestResult executionId="18515bd4-2d1a-4aab-ad51-6078b1883111" testId="eca6bf92-7202-0556-ca88-4d7c49fe11a0" testName="Jellyfin.Plugin.TvHeadendApi.Tests.Integration.EndToEndIntegrationTests.DvrService_CreateAndCancelSeriesTimerAsync_RoundTrips" computerName="MOONVALLEY" duration="00:00:00.0636152" startTime="2026-05-01T07:23:47.0960707+02:00" endTime="2026-05-01T07:23:47.0960710+02:00" testType="13cdc9d9-ddb5-4fa4-a97d-d965ccfc6d4b" outcome="Passed" testListId="8c84fa94-04c1-424b-9868-57a2d4851a1d" relativeResultsDirectory="18515bd4-2d1a-4aab-ad51-6078b1883111" />
    <UnitTestResult executionId="40f6426c-ef50-4719-9011-a393b4d3c064" testId="c5ab96ca-a85f-6720-144a-21572f2b1a2d" testName="Jellyfin.Plugin.TvHeadendApi.Tests.Integration.DeepVerificationTests.GenerateAuthToken_TokenIsAlphanumeric" computerName="MOONVALLEY" duration="00:00:00.0137799" startTime="2026-05-01T07:23:45.3654096+02:00" endTime="2026-05-01T07:23:45.3654103+02:00" testType="13cdc9d9-ddb5-4fa4-a97d-d965ccfc6d4b" outcome="Passed" testListId="8c84fa94-04c1-424b-9868-57a2d4851a1d" relativeResultsDirectory="40f6426c-ef50-4719-9011-a393b4d3c064" />
    <UnitTestResult executionId="e721f46b-1574-41f8-8a4d-7cc1fa0c3854" testId="99342d21-f3f0-6b51-8357-9ed98d8faa07" testName="Jellyfin.Plugin.TvHeadendApi.Tests.Integration.EndToEndIntegrationTests.GuideService_GetProgramsAsync_ProgramFieldsValid" computerName="MOONVALLEY" duration="00:00:00.0405143" startTime="2026-05-01T07:23:47.1545653+02:00" endTime="2026-05-01T07:23:47.1545656+02:00" testType="13cdc9d9-ddb5-4fa4-a97d-d965ccfc6d4b" outcome="Passed" testListId="8c84fa94-04c1-424b-9868-57a2d4851a1d" relativeResultsDirectory="e721f46b-1574-41f8-8a4d-7cc1fa0c3854" />
    <UnitTestResult executionId="a47673f6-9e14-44d9-bbc0-0b03b5f79fbe" testId="6aca73dd-05f9-60cd-9b00-e7e6de861758" testName="Jellyfin.Plugin.TvHeadendApi.Tests.Integration.JellyfinApiEndToEndTests.DashboardLogs_ReturnsFilteredLogs" computerName="MOONVALLEY" duration="00:00:00.0049337" startTime="2026-05-01T07:24:31.5756781+02:00" endTime="2026-05-01T07:24:31.5756782+02:00" testType="13cdc9d9-ddb5-4fa4-a97d-d965ccfc6d4b" outcome="Passed" testListId="8c84fa94-04c1-424b-9868-57a2d4851a1d" relativeResultsDirectory="a47673f6-9e14-44d9-bbc0-0b03b5f79fbe" />
    <UnitTestResult executionId="75df9fa5-f983-4a20-9ed9-0f4548120d64" testId="7ba5432a-b5a1-332c-507e-65006cbd8a86" testName="Jellyfin.Plugin.TvHeadendApi.Tests.Integration.EndToEndIntegrationTests.StreamUrl_HttpHead_ReturnsVideoContentType" computerName="MOONVALLEY" duration="00:00:00.1965165" startTime="2026-05-01T07:23:47.4812943+02:00" endTime="2026-05-01T07:23:47.4812946+02:00" testType="13cdc9d9-ddb5-4fa4-a97d-d965ccfc6d4b" outcome="Passed" testListId="8c84fa94-04c1-424b-9868-57a2d4851a1d" relativeResultsDirectory="75df9fa5-f983-4a20-9ed9-0f4548120d64" />
    <UnitTestResult executionId="1e0c30d7-7f49-4328-979a-6bdcf836ef73" testId="960d58f6-2467-bd09-802c-69fe59ad0e67" testName="Jellyfin.Plugin.TvHeadendApi.Tests.Integration.ExtendedE2ETests.RelayTokenImage_WithMissingToken_Rejected" computerName="MOONVALLEY" duration="00:00:00.0046215" startTime="2026-05-01T07:24:31.2823193+02:00" endTime="2026-05-01T07:24:31.2823196+02:00" testType="13cdc9d9-ddb5-4fa4-a97d-d965ccfc6d4b" outcome="Passed" testListId="8c84fa94-04c1-424b-9868-57a2d4851a1d" relativeResultsDirectory="1e0c30d7-7f49-4328-979a-6bdcf836ef73" />
    <UnitTestResult executionId="682b3a70-41e5-4980-b725-2bba32a84a34" testId="6112cd1c-8ef3-a813-e6ab-898c0f296411" testName="Jellyfin.Plugin.TvHeadendApi.Tests.Integration.EndToEndIntegrationTests.OrchestratorService_GetChannelStream_ReturnsPlayableMediaSource" computerName="MOONVALLEY" duration="00:00:00.0198209" startTime="2026-05-01T07:23:45.8071424+02:00" endTime="2026-05-01T07:23:45.8071429+02:00" testType="13cdc9d9-ddb5-4fa4-a97d-d965ccfc6d4b" outcome="Passed" testListId="8c84fa94-04c1-424b-9868-57a2d4851a1d" relativeResultsDirectory="682b3a70-41e5-4980-b725-2bba32a84a34" />
    <UnitTestResult executionId="840f7e4a-59f5-4f30-b49a-1652d9bda59e" testId="635fa125-2e79-e290-e826-bef8d31e33bc" testName="Jellyfin.Plugin.TvHeadendApi.Tests.Integration.JellyfinApiEndToEndTests.Connections_ReturnsArray" computerName="MOONVALLEY" duration="00:00:00.0130356" startTime="2026-05-01T07:24:31.6031947+02:00" endTime="2026-05-01T07:24:31.6031949+02:00" testType="13cdc9d9-ddb5-4fa4-a97d-d965ccfc6d4b" outcome="Passed" testListId="8c84fa94-04c1-424b-9868-57a2d4851a1d" relativeResultsDirectory="840f7e4a-59f5-4f30-b49a-1652d9bda59e" />
    <UnitTestResult executionId="49f36a45-a0b8-434a-bea8-d13449bb0f8c" testId="27a78b5c-454b-5237-b8af-29a20631879f" testName="Jellyfin.Plugin.TvHeadendApi.Tests.Integration.LiveServiceIntegrationTests.GuideService_GetChannelsAsync_ReturnsEmptyList_WhenNoChannelsConfigured" computerName="MOONVALLEY" duration="00:00:00.0344668" startTime="2026-05-01T07:23:44.6267898+02:00" endTime="2026-05-01T07:23:44.6267901+02:00" testType="13cdc9d9-ddb5-4fa4-a97d-d965ccfc6d4b" outcome="Passed" testListId="8c84fa94-04c1-424b-9868-57a2d4851a1d" relativeResultsDirectory="49f36a45-a0b8-434a-bea8-d13449bb0f8c" />
    <UnitTestResult executionId="a063b7ac-1ea1-42b4-828d-eed900785765" testId="b166a002-c7c5-f04d-178f-eb33678da978" testName="Jellyfin.Plugin.TvHeadendApi.Tests.Integration.JellyfinApiEndToEndTests.RelayStream_WithValidChannel_Returns200" computerName="MOONVALLEY" duration="00:00:00.4135996" startTime="2026-05-01T07:24:32.2421665+02:00" endTime="2026-05-01T07:24:32.2421667+02:00" testType="13cdc9d9-ddb5-4fa4-a97d-d965ccfc6d4b" outcome="Passed" testListId="8c84fa94-04c1-424b-9868-57a2d4851a1d" relativeResultsDirectory="a063b7ac-1ea1-42b4-828d-eed900785765" />
    <UnitTestResult executionId="09978fa6-0894-4ed4-ac43-e04c530a63c5" testId="692444a0-1b48-9f07-8dee-cd693364e9f1" testName="Jellyfin.Plugin.TvHeadendApi.Tests.Integration.LiveServiceIntegrationTests.DvrService_GetSeriesTimersAsync_ReturnsEmptyList" computerName="MOONVALLEY" duration="00:00:00.0146699" startTime="2026-05-01T07:23:44.6421192+02:00" endTime="2026-05-01T07:23:44.6421196+02:00" testType="13cdc9d9-ddb5-4fa4-a97d-d965ccfc6d4b" outcome="Passed" testListId="8c84fa94-04c1-424b-9868-57a2d4851a1d" relativeResultsDirectory="09978fa6-0894-4ed4-ac43-e04c530a63c5" />
    <UnitTestResult executionId="4d53504d-26d6-4044-b348-d7230edc9857" testId="abc77f68-8ce6-21e8-2ec9-76281520a354" testName="Jellyfin.Plugin.TvHeadendApi.Tests.Integration.JellyfinApiEndToEndTests.AdminEndpoint_WithoutAuth_Returns401" computerName="MOONVALLEY" duration="00:00:00.0022559" startTime="2026-05-01T07:24:31.5866468+02:00" endTime="2026-05-01T07:24:31.5866469+02:00" testType="13cdc9d9-ddb5-4fa4-a97d-d965ccfc6d4b" outcome="Passed" testListId="8c84fa94-04c1-424b-9868-57a2d4851a1d" relativeResultsDirectory="4d53504d-26d6-4044-b348-d7230edc9857" />
    <UnitTestResult executionId="5f960d29-ee36-4a9f-ae64-b43221822536" testId="07f28729-c7e0-bfa2-5b96-db0202b4757e" testName="Jellyfin.Plugin.TvHeadendApi.Tests.Integration.DeepVerificationTests.Health_AfterCheck_ShowsHealthyOrDegraded" computerName="MOONVALLEY" duration="00:00:00.0813461" startTime="2026-05-01T07:23:45.4532808+02:00" endTime="2026-05-01T07:23:45.4532810+02:00" testType="13cdc9d9-ddb5-4fa4-a97d-d965ccfc6d4b" outcome="Passed" testListId="8c84fa94-04c1-424b-9868-57a2d4851a1d" relativeResultsDirectory="5f960d29-ee36-4a9f-ae64-b43221822536" />
    <UnitTestResult executionId="19cb50df-61cf-4173-9129-547ab6c5bb35" testId="19128f0f-7ed9-5722-d372-b156fa702f9e" testName="Jellyfin.Plugin.TvHeadendApi.Tests.Integration.EndToEndIntegrationTests.DvrService_GetSeriesTimersAsync_ReturnsList" computerName="MOONVALLEY" duration="00:00:00.0078342" startTime="2026-05-01T07:23:47.0319908+02:00" endTime="2026-05-01T07:23:47.0319911+02:00" testType="13cdc9d9-ddb5-4fa4-a97d-d965ccfc6d4b" outcome="Passed" testListId="8c84fa94-04c1-424b-9868-57a2d4851a1d" relativeResultsDirectory="19cb50df-61cf-4173-9129-547ab6c5bb35" />
    <UnitTestResult executionId="87c7045c-d534-42bb-a1d8-3fa0cf40aefe" testId="7f73dbb9-67a1-82de-2bc7-ad452b8fd9ff" testName="Jellyfin.Plugin.TvHeadendApi.Tests.Integration.JellyfinApiEndToEndTests.RelayTokenStream_WithInvalidToken_Returns401Or403" computerName="MOONVALLEY" duration="00:00:00.0124061" startTime="2026-05-01T07:24:31.4063605+02:00" endTime="2026-05-01T07:24:31.4063610+02:00" testType="13cdc9d9-ddb5-4fa4-a97d-d965ccfc6d4b" outcome="Passed" testListId="8c84fa94-04c1-424b-9868-57a2d4851a1d" relativeResultsDirectory="87c7045c-d534-42bb-a1d8-3fa0cf40aefe" />
    <UnitTestResult executionId="31608270-5563-4072-9037-2caa55dbb64e" testId="391b6759-ef76-b364-96c0-296168ec95f9" testName="Jellyfin.Plugin.TvHeadendApi.Tests.Integration.JellyfinApiEndToEndTests.LogEntries_ReturnsEntryList" computerName="MOONVALLEY" duration="00:00:00.0034028" startTime="2026-05-01T07:24:31.3806579+02:00" endTime="2026-05-01T07:24:31.3806582+02:00" testType="13cdc9d9-ddb5-4fa4-a97d-d965ccfc6d4b" outcome="Passed" testListId="8c84fa94-04c1-424b-9868-57a2d4851a1d" relativeResultsDirectory="31608270-5563-4072-9037-2caa55dbb64e" />
    <UnitTestResult executionId="ad0b7e11-74ef-4460-ac42-0995c65e51a7" testId="1df9987c-6716-0284-bcf0-b1db20dd9086" testName="Jellyfin.Plugin.TvHeadendApi.Tests.Integration.JellyfinApiEndToEndTests.ProfileOptions_ReturnsStreamingAndRecordingProfiles" computerName="MOONVALLEY" duration="00:00:00.0163655" startTime="2026-05-01T07:24:31.6200111+02:00" endTime="2026-05-01T07:24:31.6200114+02:00" testType="13cdc9d9-ddb5-4fa4-a97d-d965ccfc6d4b" outcome="Passed" testListId="8c84fa94-04c1-424b-9868-57a2d4851a1d" relativeResultsDirectory="ad0b7e11-74ef-4460-ac42-0995c65e51a7" />
    <UnitTestResult executionId="e5fef04b-eb22-4474-b12c-087dc3cfa976" testId="a0c5dc42-4872-9716-4ace-a23da3e390e2" testName="Jellyfin.Plugin.TvHeadendApi.Tests.Integration.ExtendedE2ETests.RelayStatus_ShowsActiveStreams" computerName="MOONVALLEY" duration="00:00:03.5964395" startTime="2026-05-01T07:24:09.1364596+02:00" endTime="2026-05-01T07:24:09.1364598+02:00" testType="13cdc9d9-ddb5-4fa4-a97d-d965ccfc6d4b" outcome="Passed" testListId="8c84fa94-04c1-424b-9868-57a2d4851a1d" relativeResultsDirectory="e5fef04b-eb22-4474-b12c-087dc3cfa976" />
    <UnitTestResult executionId="e703a4b3-5271-4b16-bd80-168d1a14cbdc" testId="9307fd60-2e26-0882-4c46-a160ec5e5ce9" testName="Jellyfin.Plugin.TvHeadendApi.Tests.Integration.ExtendedE2ETests.AllAdminEndpoints_WithoutAuth_Return401" computerName="MOONVALLEY" duration="00:00:00.0139238" startTime="2026-05-01T07:24:31.2768388+02:00" endTime="2026-05-01T07:24:31.2768391+02:00" testType="13cdc9d9-ddb5-4fa4-a97d-d965ccfc6d4b" outcome="Passed" testListId="8c84fa94-04c1-424b-9868-57a2d4851a1d" relativeResultsDirectory="e703a4b3-5271-4b16-bd80-168d1a14cbdc" />
    <UnitTestResult executionId="d4e30d91-3e0a-46c0-ae1c-6daef989f927" testId="04df0e74-a248-beca-beea-f81171558977" testName="Jellyfin.Plugin.TvHeadendApi.Tests.Integration.EndToEndIntegrationTests.StatusService_GetConnectionsAsync_ReturnsConnections" computerName="MOONVALLEY" duration="00:00:00.0097453" startTime="2026-05-01T07:23:46.9705753+02:00" endTime="2026-05-01T07:23:46.9705756+02:00" testType="13cdc9d9-ddb5-4fa4-a97d-d965ccfc6d4b" outcome="Passed" testListId="8c84fa94-04c1-424b-9868-57a2d4851a1d" relativeResultsDirectory="d4e30d91-3e0a-46c0-ae1c-6daef989f927" />
    <UnitTestResult executionId="e1e3411c-4527-4944-8dc2-6efab5df08ab" testId="18f14f48-c092-f757-ed88-f601424d1346" testName="Jellyfin.Plugin.TvHeadendApi.Tests.Integration.EndToEndIntegrationTests.DvrService_GetRecordings_ReturnsCompletedRecordingsList" computerName="MOONVALLEY" duration="00:00:00.0109497" startTime="2026-05-01T07:23:47.1662131+02:00" endTime="2026-05-01T07:23:47.1662136+02:00" testType="13cdc9d9-ddb5-4fa4-a97d-d965ccfc6d4b" outcome="Passed" testListId="8c84fa94-04c1-424b-9868-57a2d4851a1d" relativeResultsDirectory="e1e3411c-4527-4944-8dc2-6efab5df08ab" />
    <UnitTestResult executionId="bea1632c-8bc5-42a1-a443-cfd65366c529" testId="5ae4fd5c-0186-b7e4-2638-941865665893" testName="Jellyfin.Plugin.TvHeadendApi.Tests.Integration.ExtendedE2ETests.DashboardLogs_FilterBySource_ReturnsOnlyMatchingType" computerName="MOONVALLEY" duration="00:00:00.0148019" startTime="2026-05-01T07:23:54.6512311+02:00" endTime="2026-05-01T07:23:54.6512313+02:00" testType="13cdc9d9-ddb5-4fa4-a97d-d965ccfc6d4b" outcome="Passed" testListId="8c84fa94-04c1-424b-9868-57a2d4851a1d" relativeResultsDirectory="bea1632c-8bc5-42a1-a443-cfd65366c529" />
    <UnitTestResult executionId="92c34379-b42a-4c51-98b9-e1e0348fb846" testId="a55f8495-c2d1-7628-60fe-3e4ed404a53b" testName="Jellyfin.Plugin.TvHeadendApi.Tests.Integration.JellyfinApiEndToEndTests.RelayStatus_ReturnsStatus" computerName="MOONVALLEY" duration="00:00:00.0025533" startTime="2026-05-01T07:24:31.5896438+02:00" endTime="2026-05-01T07:24:31.5896439+02:00" testType="13cdc9d9-ddb5-4fa4-a97d-d965ccfc6d4b" outcome="Passed" testListId="8c84fa94-04c1-424b-9868-57a2d4851a1d" relativeResultsDirectory="92c34379-b42a-4c51-98b9-e1e0348fb846" />
    <UnitTestResult executionId="2310d6d5-936e-4d9c-8822-08fc763a72ad" testId="11ec4eb1-08cb-b267-7a17-660d787955de" testName="Jellyfin.Plugin.TvHeadendApi.Tests.Integration.JellyfinApiEndToEndTests.Dashboard_ReturnsAggregatedData" computerName="MOONVALLEY" duration="00:00:00.0224123" startTime="2026-05-01T07:24:31.4965925+02:00" endTime="2026-05-01T07:24:31.4965930+02:00" testType="13cdc9d9-ddb5-4fa4-a97d-d965ccfc6d4b" outcome="Passed" testListId="8c84fa94-04c1-424b-9868-57a2d4851a1d" relativeResultsDirectory="2310d6d5-936e-4d9c-8822-08fc763a72ad" />
    <UnitTestResult executionId="e0233c52-c2a1-43c4-ade5-9973c56c3a94" testId="23faa8ce-ab9b-2cb9-d2fb-812734a8d0aa" testName="Jellyfin.Plugin.TvHeadendApi.Tests.Integration.LiveServiceIntegrationTests.StatusService_GetActivityStatusAsync_ReturnsStatus" computerName="MOONVALLEY" duration="00:00:00.1339063" startTime="2026-05-01T07:23:44.4853341+02:00" endTime="2026-05-01T07:23:44.4853344+02:00" testType="13cdc9d9-ddb5-4fa4-a97d-d965ccfc6d4b" outcome="Passed" testListId="8c84fa94-04c1-424b-9868-57a2d4851a1d" relativeResultsDirectory="e0233c52-c2a1-43c4-ade5-9973c56c3a94" />
    <UnitTestResult executionId="20dd6726-cba2-46a3-ad9d-6896bf11e7d1" testId="b455c924-73fd-a6ea-77cf-5881a7251a0a" testName="Jellyfin.Plugin.TvHeadendApi.Tests.Integration.JellyfinApiEndToEndTests.PluginInfo_ReturnsNameAndVersion" computerName="MOONVALLEY" duration="00:00:00.0039661" startTime="2026-05-01T07:24:31.5010714+02:00" endTime="2026-05-01T07:24:31.5010716+02:00" testType="13cdc9d9-ddb5-4fa4-a97d-d965ccfc6d4b" outcome="Passed" testListId="8c84fa94-04c1-424b-9868-57a2d4851a1d" relativeResultsDirectory="20dd6726-cba2-46a3-ad9d-6896bf11e7d1" />
    <UnitTestResult executionId="a3ccf37a-4a7d-4bce-a475-3867b9ac4ffb" testId="a5724b5c-6aa3-d8a0-ec12-3e7464107fdb" testName="Jellyfin.Plugin.TvHeadendApi.Tests.Integration.EndToEndIntegrationTests.ProfileResolver_ResolveProfileByNameAsync_ResolvesTestProfile" computerName="MOONVALLEY" duration="00:00:00.0091205" startTime="2026-05-01T07:23:47.1057799+02:00" endTime="2026-05-01T07:23:47.1057801+02:00" testType="13cdc9d9-ddb5-4fa4-a97d-d965ccfc6d4b" outcome="Passed" testListId="8c84fa94-04c1-424b-9868-57a2d4851a1d" relativeResultsDirectory="a3ccf37a-4a7d-4bce-a475-3867b9ac4ffb" />
    <UnitTestResult executionId="9ff5f244-aef8-4512-92db-d250900ca775" testId="12f33f94-37b9-2345-9ae5-f12b05fca708" testName="Jellyfin.Plugin.TvHeadendApi.Tests.Integration.EndToEndIntegrationTests.DvrService_DvrGridRaw_UpcomingAndFinished_ReturnValidJson" computerName="MOONVALLEY" duration="00:00:00.0204592" startTime="2026-05-01T07:23:45.5287004+02:00" endTime="2026-05-01T07:23:45.5287009+02:00" testType="13cdc9d9-ddb5-4fa4-a97d-d965ccfc6d4b" outcome="Passed" testListId="8c84fa94-04c1-424b-9868-57a2d4851a1d" relativeResultsDirectory="9ff5f244-aef8-4512-92db-d250900ca775" />
    <UnitTestResult executionId="bcde1b59-441a-4fbf-bb61-cab26f875b97" testId="e7a80541-e81a-5d71-ac2d-90c4e1f89aa9" testName="Jellyfin.Plugin.TvHeadendApi.Tests.Integration.JellyfinApiEndToEndTests.DashboardPage_IsServed" computerName="MOONVALLEY" duration="00:00:00.0215910" startTime="2026-05-01T07:24:31.5318013+02:00" endTime="2026-05-01T07:24:31.5318016+02:00" testType="13cdc9d9-ddb5-4fa4-a97d-d965ccfc6d4b" outcome="Passed" testListId="8c84fa94-04c1-424b-9868-57a2d4851a1d" relativeResultsDirectory="bcde1b59-441a-4fbf-bb61-cab26f875b97" />
    <UnitTestResult executionId="f9fc413b-1826-4532-88aa-263bfb606730" testId="d7e454d2-0166-b3e7-741c-d3aed03ed928" testName="Jellyfin.Plugin.TvHeadendApi.Tests.Integration.JellyfinApiEndToEndTests.RefreshCache_ReturnsOk" computerName="MOONVALLEY" duration="00:00:00.0050072" startTime="2026-05-01T07:24:31.5065443+02:00" endTime="2026-05-01T07:24:31.5065451+02:00" testType="13cdc9d9-ddb5-4fa4-a97d-d965ccfc6d4b" outcome="Passed" testListId="8c84fa94-04c1-424b-9868-57a2d4851a1d" relativeResultsDirectory="f9fc413b-1826-4532-88aa-263bfb606730" />
    <UnitTestResult executionId="35720548-2c55-42aa-ae39-65185d13b4c1" testId="cee6245c-f717-297a-b9d0-0a11f4e9b42f" testName="Jellyfin.Plugin.TvHeadendApi.Tests.Integration.TvHeadendLiveTests.ChannelGrid_ReturnsGridStructure" computerName="MOONVALLEY" duration="00:00:00.0123383" startTime="2026-05-01T07:23:44.4693153+02:00" endTime="2026-05-01T07:23:44.4693155+02:00" testType="13cdc9d9-ddb5-4fa4-a97d-d965ccfc6d4b" outcome="Passed" testListId="8c84fa94-04c1-424b-9868-57a2d4851a1d" relativeResultsDirectory="35720548-2c55-42aa-ae39-65185d13b4c1" />
    <UnitTestResult executionId="25d20bbb-1f4d-46ac-92b0-f8b99f4a3470" testId="9e9a300f-2db6-45de-0a00-6440362f3d55" testName="Jellyfin.Plugin.TvHeadendApi.Tests.Integration.EndToEndIntegrationTests.TokenService_GenerateValidTokenAsync_ReturnsSuccessResult" computerName="MOONVALLEY" duration="00:00:00.0141119" startTime="2026-05-01T07:23:47.4959849+02:00" endTime="2026-05-01T07:23:47.4959852+02:00" testType="13cdc9d9-ddb5-4fa4-a97d-d965ccfc6d4b" outcome="Passed" testListId="8c84fa94-04c1-424b-9868-57a2d4851a1d" relativeResultsDirectory="25d20bbb-1f4d-46ac-92b0-f8b99f4a3470" />
    <UnitTestResult executionId="8a12d089-a8b0-4c1d-8faf-d285eeb0abbb" testId="1af5f66e-3b2b-dd34-04e5-bb06d444a254" testName="Jellyfin.Plugin.TvHeadendApi.Tests.Integration.JellyfinApiEndToEndTests.Inputs_ReturnsArray" computerName="MOONVALLEY" duration="00:00:00.0150882" startTime="2026-05-01T07:24:31.3695958+02:00" endTime="2026-05-01T07:24:31.3695962+02:00" testType="13cdc9d9-ddb5-4fa4-a97d-d965ccfc6d4b" outcome="Passed" testListId="8c84fa94-04c1-424b-9868-57a2d4851a1d" relativeResultsDirectory="8a12d089-a8b0-4c1d-8faf-d285eeb0abbb" />
    <UnitTestResult executionId="c7108785-4bc0-4ff7-bfd9-bf23d325193e" testId="4d19b9cc-ec9a-5825-a00d-4f7ae211fa2a" testName="Jellyfin.Plugin.TvHeadendApi.Tests.Integration.ExtendedE2ETests.WarmCache_WarmsChannels" computerName="MOONVALLEY" duration="00:00:11.2040189" startTime="2026-05-01T07:24:20.3412728+02:00" endTime="2026-05-01T07:24:20.3412731+02:00" testType="13cdc9d9-ddb5-4fa4-a97d-d965ccfc6d4b" outcome="Passed" testListId="8c84fa94-04c1-424b-9868-57a2d4851a1d" relativeResultsDirectory="c7108785-4bc0-4ff7-bfd9-bf23d325193e" />
    <UnitTestResult executionId="167d8931-1d85-458d-af35-efd84d674604" testId="0273ae62-3f0c-d3a8-8bee-e45420bc86e9" testName="Jellyfin.Plugin.TvHeadendApi.Tests.Integration.TvHeadendLiveTests.ProfileList_ReturnsProfiles" computerName="MOONVALLEY" duration="00:00:00.0135948" startTime="2026-05-01T07:23:44.4905795+02:00" endTime="2026-05-01T07:23:44.4905798+02:00" testType="13cdc9d9-ddb5-4fa4-a97d-d965ccfc6d4b" outcome="Passed" testListId="8c84fa94-04c1-424b-9868-57a2d4851a1d" relativeResultsDirectory="167d8931-1d85-458d-af35-efd84d674604" />
    <UnitTestResult executionId="5af92a29-fd38-4349-9b5e-011dd52a2a16" testId="3afda5b1-bb79-6d02-c636-4380e9f82300" testName="Jellyfin.Plugin.TvHeadendApi.Tests.Integration.JellyfinApiEndToEndTests.Statistics_ClearReturnsSuccess" computerName="MOONVALLEY" duration="00:00:00.0115608" startTime="2026-05-01T07:24:31.2953420+02:00" endTime="2026-05-01T07:24:31.2953425+02:00" testType="13cdc9d9-ddb5-4fa4-a97d-d965ccfc6d4b" outcome="Passed" testListId="8c84fa94-04c1-424b-9868-57a2d4851a1d" relativeResultsDirectory="5af92a29-fd38-4349-9b5e-011dd52a2a16" />
    <UnitTestResult executionId="9cc058a3-39b7-4f9e-b840-69674416d824" testId="fb392ff9-da1f-3027-260c-b0e542435825" testName="Jellyfin.Plugin.TvHeadendApi.Tests.Integration.EndToEndIntegrationTests.MediaSourceService_StreamUrl_ContainsAuthToken" computerName="MOONVALLEY" duration="00:00:00.0284129" startTime="2026-05-01T07:23:47.2176466+02:00" endTime="2026-05-01T07:23:47.2176477+02:00" testType="13cdc9d9-ddb5-4fa4-a97d-d965ccfc6d4b" outcome="Passed" testListId="8c84fa94-04c1-424b-9868-57a2d4851a1d" relativeResultsDirectory="9cc058a3-39b7-4f9e-b840-69674416d824" />
    <UnitTestResult executionId="1d7dc3aa-74ae-402f-a0dd-512e847006c9" testId="c57a7b26-1d18-04d3-d767-dee9c2ee6774" testName="Jellyfin.Plugin.TvHeadendApi.Tests.Integration.TvHeadendLiveTests.EpgEventsGrid_ReturnsGridStructure" computerName="MOONVALLEY" duration="00:00:00.0064560" startTime="2026-05-01T07:23:44.4763151+02:00" endTime="2026-05-01T07:23:44.4763154+02:00" testType="13cdc9d9-ddb5-4fa4-a97d-d965ccfc6d4b" outcome="Passed" testListId="8c84fa94-04c1-424b-9868-57a2d4851a1d" relativeResultsDirectory="1d7dc3aa-74ae-402f-a0dd-512e847006c9" />
    <UnitTestResult executionId="a338ae18-33ee-48ea-add1-e017ec9dcdcd" testId="086c2ff8-c05e-38e9-9294-324038a32968" testName="Jellyfin.Plugin.TvHeadendApi.Tests.Integration.JellyfinApiEndToEndTests.ConfigPage_IsServed" computerName="MOONVALLEY" duration="00:00:00.0187182" startTime="2026-05-01T07:24:31.3365992+02:00" endTime="2026-05-01T07:24:31.3365994+02:00" testType="13cdc9d9-ddb5-4fa4-a97d-d965ccfc6d4b" outcome="Passed" testListId="8c84fa94-04c1-424b-9868-57a2d4851a1d" relativeResultsDirectory="a338ae18-33ee-48ea-add1-e017ec9dcdcd" />
    <UnitTestResult executionId="6426663e-2858-48b0-9688-85c966003e79" testId="aad8ca00-f9c9-b06e-4102-e26b42ecf280" testName="Jellyfin.Plugin.TvHeadendApi.Tests.Integration.LiveServiceIntegrationTests.GuideService_GetContentTypesAsync_ReturnsDictionary" computerName="MOONVALLEY" duration="00:00:00.0160740" startTime="2026-05-01T07:23:44.6844156+02:00" endTime="2026-05-01T07:23:44.6844161+02:00" testType="13cdc9d9-ddb5-4fa4-a97d-d965ccfc6d4b" outcome="Passed" testListId="8c84fa94-04c1-424b-9868-57a2d4851a1d" relativeResultsDirectory="6426663e-2858-48b0-9688-85c966003e79" />
    <UnitTestResult executionId="cf837b0c-7a80-4c61-b28a-40d49b133d65" testId="21e3eeb3-b725-1a02-ebcc-cac2dbe5ec44" testName="Jellyfin.Plugin.TvHeadendApi.Tests.Integration.LiveServiceIntegrationTests.StatusService_GetConnectionsAsync_ReturnsConnectionList" computerName="MOONVALLEY" duration="00:00:00.0089540" startTime="2026-05-01T07:23:44.6515697+02:00" endTime="2026-05-01T07:23:44.6515702+02:00" testType="13cdc9d9-ddb5-4fa4-a97d-d965ccfc6d4b" outcome="Passed" testListId="8c84fa94-04c1-424b-9868-57a2d4851a1d" relativeResultsDirectory="cf837b0c-7a80-4c61-b28a-40d49b133d65" />
    <UnitTestResult executionId="47c62673-9d21-48a0-b7d3-2e7511ee0181" testId="3a4cba0e-bbcd-b769-b7f3-de10af45790d" testName="Jellyfin.Plugin.TvHeadendApi.Tests.Integration.JellyfinApiEndToEndTests.Health_ReturnsSnapshot" computerName="MOONVALLEY" duration="00:00:00.0054263" startTime="2026-05-01T07:24:31.3173245+02:00" endTime="2026-05-01T07:24:31.3173247+02:00" testType="13cdc9d9-ddb5-4fa4-a97d-d965ccfc6d4b" outcome="Passed" testListId="8c84fa94-04c1-424b-9868-57a2d4851a1d" relativeResultsDirectory="47c62673-9d21-48a0-b7d3-2e7511ee0181" />
    <UnitTestResult executionId="98f5ee62-4087-4d69-9640-5e55b98af73a" testId="24ae2544-0211-fc3f-b36e-bf8f9bd0d84d" testName="Jellyfin.Plugin.TvHeadendApi.Tests.Integration.TvHeadendLiveTests.InvalidEndpoint_Returns404OrError" computerName="MOONVALLEY" duration="00:00:00.0087289" startTime="2026-05-01T07:23:44.5313966+02:00" endTime="2026-05-01T07:23:44.5313967+02:00" testType="13cdc9d9-ddb5-4fa4-a97d-d965ccfc6d4b" outcome="Passed" testListId="8c84fa94-04c1-424b-9868-57a2d4851a1d" relativeResultsDirectory="98f5ee62-4087-4d69-9640-5e55b98af73a" />
    <UnitTestResult executionId="82b56ffe-2175-469d-b7e8-701bab8dc7b7" testId="1d2d865e-e4ee-bdb9-83f0-f4866ef3a788" testName="Jellyfin.Plugin.TvHeadendApi.Tests.Integration.DeepVerificationTests.Config_RoundTrip_PersistsChanges" computerName="MOONVALLEY" duration="00:00:00.0137837" startTime="2026-05-01T07:23:45.9497772+02:00" endTime="2026-05-01T07:23:45.9497775+02:00" testType="13cdc9d9-ddb5-4fa4-a97d-d965ccfc6d4b" outcome="Passed" testListId="8c84fa94-04c1-424b-9868-57a2d4851a1d" relativeResultsDirectory="82b56ffe-2175-469d-b7e8-701bab8dc7b7" />
    <UnitTestResult executionId="b179b071-84e1-413a-bf69-32e2b036c7fe" testId="c3c223e4-f8e5-2b76-133b-8e6a3ed1cca6" testName="Jellyfin.Plugin.TvHeadendApi.Tests.Integration.JellyfinApiEndToEndTests.LogsDiskSpace_ReturnsDiskInfo" computerName="MOONVALLEY" duration="00:00:00.0055881" startTime="2026-05-01T07:24:31.3540336+02:00" endTime="2026-05-01T07:24:31.3540339+02:00" testType="13cdc9d9-ddb5-4fa4-a97d-d965ccfc6d4b" outcome="Passed" testListId="8c84fa94-04c1-424b-9868-57a2d4851a1d" relativeResultsDirectory="b179b071-84e1-413a-bf69-32e2b036c7fe" />
    <UnitTestResult executionId="d075f1f1-188c-4b73-9166-ba556ca94d39" testId="cf6c885c-a40a-1f0c-3041-7a05653d174f" testName="Jellyfin.Plugin.TvHeadendApi.Tests.Integration.EndToEndIntegrationTests.StreamUrl_ContainsProfile_WhenChannelExists" computerName="MOONVALLEY" duration="00:00:00.0545995" startTime="2026-05-01T07:23:45.4813622+02:00" endTime="2026-05-01T07:23:45.4813627+02:00" testType="13cdc9d9-ddb5-4fa4-a97d-d965ccfc6d4b" outcome="Passed" testListId="8c84fa94-04c1-424b-9868-57a2d4851a1d" relativeResultsDirectory="d075f1f1-188c-4b73-9166-ba556ca94d39" />
    <UnitTestResult executionId="68a92564-4c90-4341-ba9d-5159684ff84b" testId="0fe2419e-59de-c4ce-9d33-d6a5ae6380b4" testName="Jellyfin.Plugin.TvHeadendApi.Tests.Integration.EndToEndIntegrationTests.DefaultProfileService_CodecProfile_VisibleInCodecProfileList" computerName="MOONVALLEY" duration="00:00:00.0538780" startTime="2026-05-01T07:23:45.9128568+02:00" endTime="2026-05-01T07:23:45.9128574+02:00" testType="13cdc9d9-ddb5-4fa4-a97d-d965ccfc6d4b" outcome="Passed" testListId="8c84fa94-04c1-424b-9868-57a2d4851a1d" relativeResultsDirectory="68a92564-4c90-4341-ba9d-5159684ff84b" />
    <UnitTestResult executionId="8d90869f-e41f-4ce8-a511-8a718078698a" testId="8fb77f22-6395-19fd-d02a-d2e4429566ab" testName="Jellyfin.Plugin.TvHeadendApi.Tests.Integration.LiveServiceIntegrationTests.SubscriptionService_GetActiveSubscriptionsAsync_ReturnsEmptyList" computerName="MOONVALLEY" duration="00:00:00.0078987" startTime="2026-05-01T07:23:44.6677448+02:00" endTime="2026-05-01T07:23:44.6677451+02:00" testType="13cdc9d9-ddb5-4fa4-a97d-d965ccfc6d4b" outcome="Passed" testListId="8c84fa94-04c1-424b-9868-57a2d4851a1d" relativeResultsDirectory="8d90869f-e41f-4ce8-a511-8a718078698a" />
    <UnitTestResult executionId="50974dbb-12a5-4e24-9a55-88bbd073072c" testId="c6eb664f-8de6-429f-1201-7776b0149006" testName="Jellyfin.Plugin.TvHeadendApi.Tests.Integration.TvHeadendLiveTests.ServerInfo_ReturnsValidResponse" computerName="MOONVALLEY" duration="00:00:00.0841710" startTime="2026-05-01T07:23:44.4455255+02:00" endTime="2026-05-01T07:23:44.4455558+02:00" testType="13cdc9d9-ddb5-4fa4-a97d-d965ccfc6d4b" outcome="Passed" testListId="8c84fa94-04c1-424b-9868-57a2d4851a1d" relativeResultsDirectory="50974dbb-12a5-4e24-9a55-88bbd073072c" />
    <UnitTestResult executionId="3d9b6021-63b9-4a49-942c-0de367883de7" testId="daeb2bc2-fa42-c105-4147-fb47d9ac433a" testName="Jellyfin.Plugin.TvHeadendApi.Tests.Integration.EndToEndIntegrationTests.DvrService_UpdateTimerAsync_ModifiesExistingTimer" computerName="MOONVALLEY" duration="00:00:00.0499585" startTime="2026-05-01T07:23:47.5880003+02:00" endTime="2026-05-01T07:23:47.5880006+02:00" testType="13cdc9d9-ddb5-4fa4-a97d-d965ccfc6d4b" outcome="Passed" testListId="8c84fa94-04c1-424b-9868-57a2d4851a1d" relativeResultsDirectory="3d9b6021-63b9-4a49-942c-0de367883de7" />
    <UnitTestResult executionId="60a285d6-96b4-4e7f-b026-e85d438902ed" testId="074ffe51-4ac4-693d-eb10-d29584a7c38d" testName="Jellyfin.Plugin.TvHeadendApi.Tests.Integration.EndToEndIntegrationTests.DvrService_UpdateSeriesTimerAsync_ModifiesExistingSeriesTimer" computerName="MOONVALLEY" duration="00:00:00.0517856" startTime="2026-05-01T07:23:47.2839087+02:00" endTime="2026-05-01T07:23:47.2839093+02:00" testType="13cdc9d9-ddb5-4fa4-a97d-d965ccfc6d4b" outcome="Passed" testListId="8c84fa94-04c1-424b-9868-57a2d4851a1d" relativeResultsDirectory="60a285d6-96b4-4e7f-b026-e85d438902ed" />
    <UnitTestResult executionId="81b61934-9578-457c-9e2e-39a458a5dacb" testId="1e2fd43e-9f05-307d-2731-95f89199a228" testName="Jellyfin.Plugin.TvHeadendApi.Tests.Integration.EndToEndIntegrationTests.DiagnosticService_DiagnoseAsync_ScoreAtLeast80" computerName="MOONVALLEY" duration="00:00:00.0148779" startTime="2026-05-01T07:23:45.6544781+02:00" endTime="2026-05-01T07:23:45.6544784+02:00" testType="13cdc9d9-ddb5-4fa4-a97d-d965ccfc6d4b" outcome="Passed" testListId="8c84fa94-04c1-424b-9868-57a2d4851a1d" relativeResultsDirectory="81b61934-9578-457c-9e2e-39a458a5dacb" />
    <UnitTestResult executionId="997093d7-876c-404d-8093-78bba10af7c8" testId="8e0dba26-9857-4afa-0f4c-34fe599b7d77" testName="Jellyfin.Plugin.TvHeadendApi.Tests.Integration.JellyfinApiEndToEndTests.Subscriptions_ReturnsArray" computerName="MOONVALLEY" duration="00:00:00.0106848" startTime="2026-05-01T07:24:31.8280100+02:00" endTime="2026-05-01T07:24:31.8280102+02:00" testType="13cdc9d9-ddb5-4fa4-a97d-d965ccfc6d4b" outcome="Passed" testListId="8c84fa94-04c1-424b-9868-57a2d4851a1d" relativeResultsDirectory="997093d7-876c-404d-8093-78bba10af7c8" />
    <UnitTestResult executionId="39da531d-be75-47d5-a33c-eee86c34bca8" testId="2e507bb6-7036-1494-7f16-cebd63569212" testName="Jellyfin.Plugin.TvHeadendApi.Tests.Integration.EndToEndIntegrationTests.StatusService_GetActivityStatusAsync_ReturnsStatus" computerName="MOONVALLEY" duration="00:00:00.0089225" startTime="2026-05-01T07:23:47.5374994+02:00" endTime="2026-05-01T07:23:47.5374998+02:00" testType="13cdc9d9-ddb5-4fa4-a97d-d965ccfc6d4b" outcome="Passed" testListId="8c84fa94-04c1-424b-9868-57a2d4851a1d" relativeResultsDirectory="39da531d-be75-47d5-a33c-eee86c34bca8" />
    <UnitTestResult executionId="3805e6b9-4b3b-4727-a5df-3c85f74c3439" testId="4e3d20b9-d4e8-947e-851d-d5d33aec6d5a" testName="Jellyfin.Plugin.TvHeadendApi.Tests.Integration.JellyfinApiEndToEndTests.AdminEndpoint_WithAuth_Returns200" computerName="MOONVALLEY" duration="00:00:00.0038496" startTime="2026-05-01T07:24:31.3767701+02:00" endTime="2026-05-01T07:24:31.3767705+02:00" testType="13cdc9d9-ddb5-4fa4-a97d-d965ccfc6d4b" outcome="Passed" testListId="8c84fa94-04c1-424b-9868-57a2d4851a1d" relativeResultsDirectory="3805e6b9-4b3b-4727-a5df-3c85f74c3439" />
    <UnitTestResult executionId="095b9bd1-d1d4-4e08-9ba8-de009c77abdf" testId="9134f17b-7175-cbc6-e160-14089f89ca9f" testName="Jellyfin.Plugin.TvHeadendApi.Tests.Integration.EndToEndIntegrationTests.MediaSourceService_GetChannelStreamAsync_ReturnsValidMediaSource" computerName="MOONVALLEY" duration="00:00:00.0533551" startTime="2026-05-01T07:23:45.5824938+02:00" endTime="2026-05-01T07:23:45.5824942+02:00" testType="13cdc9d9-ddb5-4fa4-a97d-d965ccfc6d4b" outcome="Passed" testListId="8c84fa94-04c1-424b-9868-57a2d4851a1d" relativeResultsDirectory="095b9bd1-d1d4-4e08-9ba8-de009c77abdf" />
    <UnitTestResult executionId="5f50e4bb-f213-4213-bf32-218774e0f946" testId="4a739eb5-cbb0-2f83-8515-b1712b233e11" testName="Jellyfin.Plugin.TvHeadendApi.Tests.Integration.EndToEndIntegrationTests.DvrService_GetNewTimerDefaultsAsync_ReturnsDefaults" computerName="MOONVALLEY" duration="00:00:00.0046509" startTime="2026-05-01T07:23:45.6391839+02:00" endTime="2026-05-01T07:23:45.6391848+02:00" testType="13cdc9d9-ddb5-4fa4-a97d-d965ccfc6d4b" outcome="Passed" testListId="8c84fa94-04c1-424b-9868-57a2d4851a1d" relativeResultsDirectory="5f50e4bb-f213-4213-bf32-218774e0f946" />
    <UnitTestResult executionId="d52296b4-d568-41a9-b968-fe1e6ff3f03d" testId="0bb916be-9caf-2365-d349-b0fe96e0de6d" testName="Jellyfin.Plugin.TvHeadendApi.Tests.Integration.JellyfinApiEndToEndTests.Channels_ReturnsChannelList" computerName="MOONVALLEY" duration="00:00:00.0066884" startTime="2026-05-01T07:24:31.3024574+02:00" endTime="2026-05-01T07:24:31.3024578+02:00" testType="13cdc9d9-ddb5-4fa4-a97d-d965ccfc6d4b" outcome="Passed" testListId="8c84fa94-04c1-424b-9868-57a2d4851a1d" relativeResultsDirectory="d52296b4-d568-41a9-b968-fe1e6ff3f03d" />
    <UnitTestResult executionId="88645179-d8d7-43ca-ad0b-81e26824486f" testId="54722b4b-af5f-211d-a67f-ba17da233fe4" testName="Jellyfin.Plugin.TvHeadendApi.Tests.Integration.ExtendedE2ETests.RelayTokenImage_WithInvalidToken_Rejected" computerName="MOONVALLEY" duration="00:00:00.0234703" startTime="2026-05-01T07:23:46.1202208+02:00" endTime="2026-05-01T07:23:46.1202216+02:00" testType="13cdc9d9-ddb5-4fa4-a97d-d965ccfc6d4b" outcome="Passed" testListId="8c84fa94-04c1-424b-9868-57a2d4851a1d" relativeResultsDirectory="88645179-d8d7-43ca-ad0b-81e26824486f" />
    <UnitTestResult executionId="b3e605e5-9de3-44b6-acdd-77db55bdc624" testId="c21588ed-a40a-da78-3a26-201459011767" testName="Jellyfin.Plugin.TvHeadendApi.Tests.Integration.EndToEndIntegrationTests.InputMonitorService_SignalMetrics_FieldsPresent" computerName="MOONVALLEY" duration="00:00:00.0069088" startTime="2026-05-01T07:23:45.7868513+02:00" endTime="2026-05-01T07:23:45.7868516+02:00" testType="13cdc9d9-ddb5-4fa4-a97d-d965ccfc6d4b" outcome="Passed" testListId="8c84fa94-04c1-424b-9868-57a2d4851a1d" relativeResultsDirectory="b3e605e5-9de3-44b6-acdd-77db55bdc624" />
    <UnitTestResult executionId="f8181ac6-ef14-4e7b-ada5-33d1b52de8a5" testId="7c7ab803-8792-1b81-d400-b4f355451c77" testName="Jellyfin.Plugin.TvHeadendApi.Tests.Integration.EndToEndIntegrationTests.GuideService_GetProgramsAsync_ReturnsEpgEntries" computerName="MOONVALLEY" duration="00:00:00.0163169" startTime="2026-05-01T07:23:46.9874598+02:00" endTime="2026-05-01T07:23:46.9874602+02:00" testType="13cdc9d9-ddb5-4fa4-a97d-d965ccfc6d4b" outcome="Passed" testListId="8c84fa94-04c1-424b-9868-57a2d4851a1d" relativeResultsDirectory="f8181ac6-ef14-4e7b-ada5-33d1b52de8a5" />
    <UnitTestResult executionId="bad47958-e302-4b95-b85b-9010cecbcac2" testId="e00e438b-b5a3-ee1c-515e-c9569fd638f9" testName="Jellyfin.Plugin.TvHeadendApi.Tests.Integration.LiveServiceIntegrationTests.DiagnosticService_DiagnoseAsync_ReturnsValidResult" computerName="MOONVALLEY" duration="00:00:00.0614098" startTime="2026-05-01T07:23:44.7462936+02:00" endTime="2026-05-01T07:23:44.7462940+02:00" testType="13cdc9d9-ddb5-4fa4-a97d-d965ccfc6d4b" outcome="Passed" testListId="8c84fa94-04c1-424b-9868-57a2d4851a1d" relativeResultsDirectory="bad47958-e302-4b95-b85b-9010cecbcac2" />
    <UnitTestResult executionId="dc05b189-a218-457a-8def-532e548013c9" testId="52ba11c4-3863-b373-c943-efc2d3b8ee49" testName="Jellyfin.Plugin.TvHeadendApi.Tests.Integration.TvHeadendLiveTests.DvrEntryGrid_ReturnsGridStructure" computerName="MOONVALLEY" duration="00:00:00.0088603" startTime="2026-05-01T07:23:44.4565125+02:00" endTime="2026-05-01T07:23:44.4565127+02:00" testType="13cdc9d9-ddb5-4fa4-a97d-d965ccfc6d4b" outcome="Passed" testListId="8c84fa94-04c1-424b-9868-57a2d4851a1d" relativeResultsDirectory="dc05b189-a218-457a-8def-532e548013c9" />
    <UnitTestResult executionId="525c511f-efdb-46e7-ba75-cf49ea4e7263" testId="71466740-3a3b-bef5-3468-5e7382f1bf72" testName="Jellyfin.Plugin.TvHeadendApi.Tests.Integration.JellyfinApiEndToEndTests.RelayImage_WithChannelLogo_Returns200Or404" computerName="MOONVALLEY" duration="00:00:00.0152380" startTime="2026-05-01T07:24:31.6357867+02:00" endTime="2026-05-01T07:24:31.6357870+02:00" testType="13cdc9d9-ddb5-4fa4-a97d-d965ccfc6d4b" outcome="Passed" testListId="8c84fa94-04c1-424b-9868-57a2d4851a1d" relativeResultsDirectory="525c511f-efdb-46e7-ba75-cf49ea4e7263" />
    <UnitTestResult executionId="159b2d0d-0fe5-44e4-8499-b8546d881162" testId="9a2b0a26-41e4-910d-08c4-81b35c24968c" testName="Jellyfin.Plugin.TvHeadendApi.Tests.Integration.JellyfinApiEndToEndTests.Logs_ReturnsLogsAndDiskSpace" computerName="MOONVALLEY" duration="00:00:00.0054207" startTime="2026-05-01T07:24:31.3933595+02:00" endTime="2026-05-01T07:24:31.3933599+02:00" testType="13cdc9d9-ddb5-4fa4-a97d-d965ccfc6d4b" outcome="Passed" testListId="8c84fa94-04c1-424b-9868-57a2d4851a1d" relativeResultsDirectory="159b2d0d-0fe5-44e4-8499-b8546d881162" />
    <UnitTestResult executionId="b28992b1-a45c-4555-afcc-83a93c7f91ce" testId="202b0864-cc79-9539-d518-310f7b30d7bf" testName="Jellyfin.Plugin.TvHeadendApi.Tests.Integration.LiveServiceIntegrationTests.DvrService_GetTimersAsync_ReturnsEmptyList" computerName="MOONVALLEY" duration="00:00:00.0273202" startTime="2026-05-01T07:23:44.5316998+02:00" endTime="2026-05-01T07:23:44.5316999+02:00" testType="13cdc9d9-ddb5-4fa4-a97d-d965ccfc6d4b" outcome="Passed" testListId="8c84fa94-04c1-424b-9868-57a2d4851a1d" relativeResultsDirectory="b28992b1-a45c-4555-afcc-83a93c7f91ce" />
    <UnitTestResult executionId="2f6f8f15-af47-4339-9192-2b2d2408f278" testId="ef6fa58d-d6cf-6821-dbb1-6f336973f7f9" testName="Jellyfin.Plugin.TvHeadendApi.Tests.Integration.EndToEndIntegrationTests.GuideService_GetProgramsAsync_AllChannelsReturnWithoutError" computerName="MOONVALLEY" duration="00:00:00.0363896" startTime="2026-05-01T07:23:45.6264551+02:00" endTime="2026-05-01T07:23:45.6264554+02:00" testType="13cdc9d9-ddb5-4fa4-a97d-d965ccfc6d4b" outcome="Passed" testListId="8c84fa94-04c1-424b-9868-57a2d4851a1d" relativeResultsDirectory="2f6f8f15-af47-4339-9192-2b2d2408f278" />
    <UnitTestResult executionId="1ac3d285-522c-411d-9818-18daae060946" testId="3d7b6b97-c38e-9eaa-c9b4-a675fb700fb1" testName="Jellyfin.Plugin.TvHeadendApi.Tests.Integration.EndToEndIntegrationTests.GuideService_GetChannelsAsync_ReturnsBootstrappedChannels" computerName="MOONVALLEY" duration="00:00:00.0125632" startTime="2026-05-01T07:23:45.6674832+02:00" endTime="2026-05-01T07:23:45.6674837+02:00" testType="13cdc9d9-ddb5-4fa4-a97d-d965ccfc6d4b" outcome="Passed" testListId="8c84fa94-04c1-424b-9868-57a2d4851a1d" relativeResultsDirectory="1ac3d285-522c-411d-9818-18daae060946" />
    <UnitTestResult executionId="5d6e0685-ee47-4716-bed2-f492e8acef9a" testId="60e23af6-4b43-99a5-9007-31e5586c1129" testName="Jellyfin.Plugin.TvHeadendApi.Tests.Integration.ExtendedE2ETests.DashboardLogs_LimitIsRespected" computerName="MOONVALLEY" duration="00:00:00.1577915" startTime="2026-05-01T07:24:31.2624312+02:00" endTime="2026-05-01T07:24:31.2624325+02:00" testType="13cdc9d9-ddb5-4fa4-a97d-d965ccfc6d4b" outcome="Passed" testListId="8c84fa94-04c1-424b-9868-57a2d4851a1d" relativeResultsDirectory="5d6e0685-ee47-4716-bed2-f492e8acef9a" />
    <UnitTestResult executionId="393202f7-c8f6-4036-846a-898a1e788edd" testId="898c10cc-3fd2-24bc-1018-bd0485f08e72" testName="Jellyfin.Plugin.TvHeadendApi.Tests.Integration.EndToEndIntegrationTests.SubscriptionService_SubscriptionDetails_ContainsExpectedFields" computerName="MOONVALLEY" duration="00:00:01.0311129" startTime="2026-05-01T07:23:46.9446166+02:00" endTime="2026-05-01T07:23:46.9446170+02:00" testType="13cdc9d9-ddb5-4fa4-a97d-d965ccfc6d4b" outcome="Passed" testListId="8c84fa94-04c1-424b-9868-57a2d4851a1d" relativeResultsDirectory="393202f7-c8f6-4036-846a-898a1e788edd" />
    <UnitTestResult executionId="34a2be4c-69ae-4c13-8213-63a12b411bf1" testId="b690d753-3e2a-85de-d20c-d4802d5bd190" testName="Jellyfin.Plugin.TvHeadendApi.Tests.Integration.JellyfinApiEndToEndTests.RelayTokenStream_WithMissingToken_Returns401" computerName="MOONVALLEY" duration="00:00:00.0080296" startTime="2026-05-01T07:24:31.5840258+02:00" endTime="2026-05-01T07:24:31.5840260+02:00" testType="13cdc9d9-ddb5-4fa4-a97d-d965ccfc6d4b" outcome="Passed" testListId="8c84fa94-04c1-424b-9868-57a2d4851a1d" relativeResultsDirectory="34a2be4c-69ae-4c13-8213-63a12b411bf1" />
    <UnitTestResult executionId="500b495c-65dd-45b0-8ea7-e099fe032843" testId="c1a63828-8cd0-6862-0ff4-2738733cb43a" testName="Jellyfin.Plugin.TvHeadendApi.Tests.Integration.EndToEndIntegrationTests.ProfileResolver_GetProfilesAsync_ReturnsMultipleProfiles" computerName="MOONVALLEY" duration="00:00:00.0072328" startTime="2026-05-01T07:23:47.1135637+02:00" endTime="2026-05-01T07:23:47.1135641+02:00" testType="13cdc9d9-ddb5-4fa4-a97d-d965ccfc6d4b" outcome="Passed" testListId="8c84fa94-04c1-424b-9868-57a2d4851a1d" relativeResultsDirectory="500b495c-65dd-45b0-8ea7-e099fe032843" />
    <UnitTestResult executionId="d2309684-2e62-479f-8488-606144b54a55" testId="3455f0b5-9de0-c249-c1b8-356d0afbe4b5" testName="Jellyfin.Plugin.TvHeadendApi.Tests.Integration.DeepVerificationTests.RelayTokenSecurity_MissingToken_Rejected" computerName="MOONVALLEY" duration="00:00:00.0113257" startTime="2026-05-01T07:23:45.8741435+02:00" endTime="2026-05-01T07:23:45.8741439+02:00" testType="13cdc9d9-ddb5-4fa4-a97d-d965ccfc6d4b" outcome="Passed" testListId="8c84fa94-04c1-424b-9868-57a2d4851a1d" relativeResultsDirectory="d2309684-2e62-479f-8488-606144b54a55" />
    <UnitTestResult executionId="2c638e08-fa2d-4eed-8440-10abff727a1d" testId="c6e5ff74-4042-c66c-1366-3992d19a3dd7" testName="Jellyfin.Plugin.TvHeadendApi.Tests.Integration.ExtendedE2ETests.DashboardLogs_SortAscending_ReturnsOldestFirst" computerName="MOONVALLEY" duration="00:00:00.0098457" startTime="2026-05-01T07:23:54.6193750+02:00" endTime="2026-05-01T07:23:54.6193753+02:00" testType="13cdc9d9-ddb5-4fa4-a97d-d965ccfc6d4b" outcome="Passed" testListId="8c84fa94-04c1-424b-9868-57a2d4851a1d" relativeResultsDirectory="2c638e08-fa2d-4eed-8440-10abff727a1d" />
    <UnitTestResult executionId="0400cd40-db00-4264-bf2d-a8e7d2137c42" testId="f60d67a7-31f5-98e1-d2db-7883f05fccf3" testName="Jellyfin.Plugin.TvHeadendApi.Tests.Integration.DeepVerificationTests.JellyfinLogs_NoPluginErrors" computerName="MOONVALLEY" duration="00:00:00.0640291" startTime="2026-05-01T07:23:46.0142716+02:00" endTime="2026-05-01T07:23:46.0142718+02:00" testType="13cdc9d9-ddb5-4fa4-a97d-d965ccfc6d4b" outcome="Passed" testListId="8c84fa94-04c1-424b-9868-57a2d4851a1d" relativeResultsDirectory="0400cd40-db00-4264-bf2d-a8e7d2137c42" />
    <UnitTestResult executionId="4beeaac7-5bef-46a6-9ee4-c0bbaa172b42" testId="a6563608-01ac-7b1d-97d7-5d6349cfa988" testName="Jellyfin.Plugin.TvHeadendApi.Tests.Integration.EndToEndIntegrationTests.TokenService_GenerateAndStoreToken_ProducesUrlSafeToken" computerName="MOONVALLEY" duration="00:00:00.0140297" startTime="2026-05-01T07:23:47.5194268+02:00" endTime="2026-05-01T07:23:47.5194271+02:00" testType="13cdc9d9-ddb5-4fa4-a97d-d965ccfc6d4b" outcome="Passed" testListId="8c84fa94-04c1-424b-9868-57a2d4851a1d" relativeResultsDirectory="4beeaac7-5bef-46a6-9ee4-c0bbaa172b42" />
    <UnitTestResult executionId="ad0f3bf1-32ca-443c-91f2-3981fb383423" testId="2d242a8d-94e5-13a4-fab4-86e991d86320" testName="Jellyfin.Plugin.TvHeadendApi.Tests.Integration.EndToEndIntegrationTests.DvrService_AutorecGrid_ReturnsValidGrid" computerName="MOONVALLEY" duration="00:00:00.0074440" startTime="2026-05-01T07:23:45.6343484+02:00" endTime="2026-05-01T07:23:45.6343487+02:00" testType="13cdc9d9-ddb5-4fa4-a97d-d965ccfc6d4b" outcome="Passed" testListId="8c84fa94-04c1-424b-9868-57a2d4851a1d" relativeResultsDirectory="ad0f3bf1-32ca-443c-91f2-3981fb383423" />
    <UnitTestResult executionId="43b74b5f-a2b4-432f-b5a7-d65d341585ae" testId="3f0791e2-da53-767d-49e5-25537b4833a8" testName="Jellyfin.Plugin.TvHeadendApi.Tests.Integration.EndToEndIntegrationTests.DiagnosticService_DiagnoseAsync_ReportsApiVersion" computerName="MOONVALLEY" duration="00:00:00.0144708" startTime="2026-05-01T07:23:46.9600709+02:00" endTime="2026-05-01T07:23:46.9600717+02:00" testType="13cdc9d9-ddb5-4fa4-a97d-d965ccfc6d4b" outcome="Passed" testListId="8c84fa94-04c1-424b-9868-57a2d4851a1d" relativeResultsDirectory="43b74b5f-a2b4-432f-b5a7-d65d341585ae" />
    <UnitTestResult executionId="0b8d74d2-6677-4c19-b227-78e155f0bdf0" testId="e6498225-fe67-532f-cf71-63c30032efaa" testName="Jellyfin.Plugin.TvHeadendApi.Tests.Integration.ExtendedE2ETests.InvalidateCache_ReturnsSuccess" computerName="MOONVALLEY" duration="00:00:00.0043004" startTime="2026-05-01T07:24:31.0634603+02:00" endTime="2026-05-01T07:24:31.0634606+02:00" testType="13cdc9d9-ddb5-4fa4-a97d-d965ccfc6d4b" outcome="Passed" testListId="8c84fa94-04c1-424b-9868-57a2d4851a1d" relativeResultsDirectory="0b8d74d2-6677-4c19-b227-78e155f0bdf0" />
    <UnitTestResult executionId="318748fa-5ac6-4612-a295-268fb510290c" testId="dc8a89e3-b8fd-1fe4-5ec6-5c529f6b5b4e" testName="Jellyfin.Plugin.TvHeadendApi.Tests.Integration.ExtendedE2ETests.Config_ResetToDefaults_ClearsCustomValues" computerName="MOONVALLEY" duration="00:00:00.0236663" startTime="2026-05-01T07:24:31.0877765+02:00" endTime="2026-05-01T07:24:31.0877769+02:00" testType="13cdc9d9-ddb5-4fa4-a97d-d965ccfc6d4b" outcome="Passed" testListId="8c84fa94-04c1-424b-9868-57a2d4851a1d" relativeResultsDirectory="318748fa-5ac6-4612-a295-268fb510290c" />
    <UnitTestResult executionId="cc3e0a9b-f2ea-47a8-85f0-a385e139494f" testId="8672ccd4-bad2-4e50-cd3d-9721a486ec20" testName="Jellyfin.Plugin.TvHeadendApi.Tests.Integration.EndToEndIntegrationTests.GuideService_ChannelInfo_HasRequiredFields" computerName="MOONVALLEY" duration="00:00:00.0145439" startTime="2026-05-01T07:23:47.1812360+02:00" endTime="2026-05-01T07:23:47.1812365+02:00" testType="13cdc9d9-ddb5-4fa4-a97d-d965ccfc6d4b" outcome="Passed" testListId="8c84fa94-04c1-424b-9868-57a2d4851a1d" relativeResultsDirectory="cc3e0a9b-f2ea-47a8-85f0-a385e139494f" />
    <UnitTestResult executionId="defa470b-e692-49d5-b270-99be7183ab31" testId="e77a0e4c-8009-2bd9-dca5-b18267a4ca5e" testName="Jellyfin.Plugin.TvHeadendApi.Tests.Integration.ExtendedE2ETests.Diagnose_WithBadConfig_ReturnsLowScore" computerName="MOONVALLEY" duration="00:00:03.0259870" startTime="2026-05-01T07:23:49.1470033+02:00" endTime="2026-05-01T07:23:49.1470036+02:00" testType="13cdc9d9-ddb5-4fa4-a97d-d965ccfc6d4b" outcome="Passed" testListId="8c84fa94-04c1-424b-9868-57a2d4851a1d" relativeResultsDirectory="defa470b-e692-49d5-b270-99be7183ab31" />
    <UnitTestResult executionId="d1b024b6-f89b-48b9-bf1b-b20b38ac290d" testId="148881f9-3f1e-be91-b383-094eebc97d6e" testName="Jellyfin.Plugin.TvHeadendApi.Tests.Integration.EndToEndIntegrationTests.SubscriptionService_GetActiveSubscriptionsAsync_ReturnsList" computerName="MOONVALLEY" duration="00:00:00.0259587" startTime="2026-05-01T07:23:45.5077501+02:00" endTime="2026-05-01T07:23:45.5077505+02:00" testType="13cdc9d9-ddb5-4fa4-a97d-d965ccfc6d4b" outcome="Passed" testListId="8c84fa94-04c1-424b-9868-57a2d4851a1d" relativeResultsDirectory="d1b024b6-f89b-48b9-bf1b-b20b38ac290d" />
    <UnitTestResult executionId="e8fbe8d5-0749-47ba-afd6-525cf7d0bbab" testId="52d9a2eb-a6b5-5e94-2e14-5ca3ed367b15" testName="Jellyfin.Plugin.TvHeadendApi.Tests.Integration.JellyfinApiEndToEndTests.GenerateAuthToken_ReturnsSuccess" computerName="MOONVALLEY" duration="00:00:00.0063533" startTime="2026-05-01T07:24:31.3873972+02:00" endTime="2026-05-01T07:24:31.3873974+02:00" testType="13cdc9d9-ddb5-4fa4-a97d-d965ccfc6d4b" outcome="Passed" testListId="8c84fa94-04c1-424b-9868-57a2d4851a1d" relativeResultsDirectory="e8fbe8d5-0749-47ba-afd6-525cf7d0bbab" />
    <UnitTestResult executionId="47e83d34-cdc3-4549-9c4b-c24d28e461a4" testId="fe520fde-3d3d-5bac-2826-1492cc231d90" testName="Jellyfin.Plugin.TvHeadendApi.Tests.Integration.EndToEndIntegrationTests.DvrService_GetRecordingProfileUuidAsync_ResolvesTestDvrProfile" computerName="MOONVALLEY" duration="00:00:00.0069440" startTime="2026-05-01T07:23:47.1886693+02:00" endTime="2026-05-01T07:23:47.1886697+02:00" testType="13cdc9d9-ddb5-4fa4-a97d-d965ccfc6d4b" outcome="Passed" testListId="8c84fa94-04c1-424b-9868-57a2d4851a1d" relativeResultsDirectory="47e83d34-cdc3-4549-9c4b-c24d28e461a4" />
    <UnitTestResult executionId="c04767ae-c7a9-40ad-b4f1-48ca105ce7c6" testId="71f429c9-78e4-126b-2c26-ccf7141caab5" testName="Jellyfin.Plugin.TvHeadendApi.Tests.Integration.DeepVerificationTests.Channels_ReturnsAllBootstrappedChannels" computerName="MOONVALLEY" duration="00:00:00.0297232" startTime="2026-05-01T07:23:45.9044316+02:00" endTime="2026-05-01T07:23:45.9044321+02:00" testType="13cdc9d9-ddb5-4fa4-a97d-d965ccfc6d4b" outcome="Passed" testListId="8c84fa94-04c1-424b-9868-57a2d4851a1d" relativeResultsDirectory="c04767ae-c7a9-40ad-b4f1-48ca105ce7c6" />
    <UnitTestResult executionId="1ca80492-7c68-46fc-a7c6-b1819e155232" testId="372a094e-b0b6-ef65-b959-fd2c40819a3f" testName="Jellyfin.Plugin.TvHeadendApi.Tests.Integration.ExtendedE2ETests.Resolve_WithChannelId_ReturnsContextAwareResult" computerName="MOONVALLEY" duration="00:00:00.0124025" startTime="2026-05-01T07:23:46.0961531+02:00" endTime="2026-05-01T07:23:46.0961534+02:00" testType="13cdc9d9-ddb5-4fa4-a97d-d965ccfc6d4b" outcome="Passed" testListId="8c84fa94-04c1-424b-9868-57a2d4851a1d" relativeResultsDirectory="1ca80492-7c68-46fc-a7c6-b1819e155232" />
    <UnitTestResult executionId="dd8ab93e-bf6b-4866-9373-97faed96d40d" testId="ab40e3d3-42d3-15ea-cbc6-5a1b9942cdfb" testName="Jellyfin.Plugin.TvHeadendApi.Tests.Integration.EndToEndIntegrationTests.GuideService_GetProgramsAsync_FutureWindow_ReturnsNonEmpty" computerName="MOONVALLEY" duration="00:00:00.0371619" startTime="2026-05-01T07:23:45.7050834+02:00" endTime="2026-05-01T07:23:45.7050837+02:00" testType="13cdc9d9-ddb5-4fa4-a97d-d965ccfc6d4b" outcome="Passed" testListId="8c84fa94-04c1-424b-9868-57a2d4851a1d" relativeResultsDirectory="dd8ab93e-bf6b-4866-9373-97faed96d40d" />
    <UnitTestResult executionId="9144b196-a4f1-4df0-98eb-c306ec1f7bcb" testId="2deb2700-b2e1-7d10-f196-9bfaf8b6eb65" testName="Jellyfin.Plugin.TvHeadendApi.Tests.Integration.DeepVerificationTests.StreamRelay_ActuallyStreamsBytes" computerName="MOONVALLEY" duration="00:00:00.0216060" startTime="2026-05-01T07:23:45.3511777+02:00" endTime="2026-05-01T07:23:45.3511783+02:00" testType="13cdc9d9-ddb5-4fa4-a97d-d965ccfc6d4b" outcome="Passed" testListId="8c84fa94-04c1-424b-9868-57a2d4851a1d" relativeResultsDirectory="9144b196-a4f1-4df0-98eb-c306ec1f7bcb" />
    <UnitTestResult executionId="30330ab2-7ce4-4897-9916-b6cb16cb06b1" testId="9940d0bc-760b-65b7-de3b-f3e4c0695203" testName="Jellyfin.Plugin.TvHeadendApi.Tests.Integration.DeepVerificationTests.EpgPrograms_AvailableViaJellyfin" computerName="MOONVALLEY" duration="00:00:00.0098587" startTime="2026-05-01T07:23:46.0633706+02:00" endTime="2026-05-01T07:23:46.0633709+02:00" testType="13cdc9d9-ddb5-4fa4-a97d-d965ccfc6d4b" outcome="Passed" testListId="8c84fa94-04c1-424b-9868-57a2d4851a1d" relativeResultsDirectory="30330ab2-7ce4-4897-9916-b6cb16cb06b1" />
    <UnitTestResult executionId="4ca2ae71-2b81-4477-980e-8bee7a90f2dd" testId="fd63536e-b552-bde7-0538-629d9b8151b9" testName="Jellyfin.Plugin.TvHeadendApi.Tests.Integration.EndToEndIntegrationTests.GuideService_GetContentTypesAsync_ReturnsDictionaryFromPopulatedEpg" computerName="MOONVALLEY" duration="00:00:00.0069086" startTime="2026-05-01T07:23:45.4262256+02:00" endTime="2026-05-01T07:23:45.4262260+02:00" testType="13cdc9d9-ddb5-4fa4-a97d-d965ccfc6d4b" outcome="Passed" testListId="8c84fa94-04c1-424b-9868-57a2d4851a1d" relativeResultsDirectory="4ca2ae71-2b81-4477-980e-8bee7a90f2dd" />
    <UnitTestResult executionId="bdbaa3d1-588f-474b-959d-9f9d77f00311" testId="1c5c56cd-4f90-6c71-8c02-397776f23eef" testName="Jellyfin.Plugin.TvHeadendApi.Tests.Integration.ExtendedE2ETests.LogEntries_CountParameter_ClampsResult" computerName="MOONVALLEY" duration="00:00:00.0066131" startTime="2026-05-01T07:23:54.6583421+02:00" endTime="2026-05-01T07:23:54.6583426+02:00" testType="13cdc9d9-ddb5-4fa4-a97d-d965ccfc6d4b" outcome="Passed" testListId="8c84fa94-04c1-424b-9868-57a2d4851a1d" relativeResultsDirectory="bdbaa3d1-588f-474b-959d-9f9d77f00311" />
    <UnitTestResult executionId="a970da26-e7e1-4ca7-8a49-52a63a7ebb29" testId="b43faf9c-038d-1978-3307-ad8c325b23ff" testName="Jellyfin.Plugin.TvHeadendApi.Tests.Integration.ExtendedE2ETests.InvalidateCache_ThenWarmCache_RoundTrip" computerName="MOONVALLEY" duration="00:00:10.7169703" startTime="2026-05-01T07:24:31.0586987+02:00" endTime="2026-05-01T07:24:31.0586990+02:00" testType="13cdc9d9-ddb5-4fa4-a97d-d965ccfc6d4b" outcome="Passed" testListId="8c84fa94-04c1-424b-9868-57a2d4851a1d" relativeResultsDirectory="a970da26-e7e1-4ca7-8a49-52a63a7ebb29" />
    <UnitTestResult executionId="c661605e-2a25-405b-a92f-7f61bb8d1a49" testId="cad44ed8-3282-f21a-efd7-d0b06e9f7842" testName="Jellyfin.Plugin.TvHeadendApi.Tests.Integration.JellyfinApiEndToEndTests.Validate_ReturnsArrayOrEmpty" computerName="MOONVALLEY" duration="00:00:00.0024737" startTime="2026-05-01T07:24:31.3724977+02:00" endTime="2026-05-01T07:24:31.3724979+02:00" testType="13cdc9d9-ddb5-4fa4-a97d-d965ccfc6d4b" outcome="Passed" testListId="8c84fa94-04c1-424b-9868-57a2d4851a1d" relativeResultsDirectory="c661605e-2a25-405b-a92f-7f61bb8d1a49" />
    <UnitTestResult executionId="8c31855f-7ae4-4ce6-a937-65fb6af99a92" testId="9773cb2d-c417-866e-37e9-47d21cb5dbf9" testName="Jellyfin.Plugin.TvHeadendApi.Tests.Integration.EndToEndIntegrationTests.TokenService_ValidateTokenAsync_ReturnsTrueForGeneratedToken" computerName="MOONVALLEY" duration="00:00:00.0273648" startTime="2026-05-01T07:23:47.0236741+02:00" endTime="2026-05-01T07:23:47.0236743+02:00" testType="13cdc9d9-ddb5-4fa4-a97d-d965ccfc6d4b" outcome="Passed" testListId="8c84fa94-04c1-424b-9868-57a2d4851a1d" relativeResultsDirectory="8c31855f-7ae4-4ce6-a937-65fb6af99a92" />
    <UnitTestResult executionId="8f8eee39-bda0-4067-8dac-2737bedfa1b7" testId="268f64cd-bcfc-2931-9019-4bf00ee28ad4" testName="Jellyfin.Plugin.TvHeadendApi.Tests.Integration.EndToEndIntegrationTests.GuideService_GetChannelTagsAsync_ReturnsDictionary" computerName="MOONVALLEY" duration="00:00:00.1211597" startTime="2026-05-01T07:23:44.4725211+02:00" endTime="2026-05-01T07:23:44.4725212+02:00" testType="13cdc9d9-ddb5-4fa4-a97d-d965ccfc6d4b" outcome="Passed" testListId="8c84fa94-04c1-424b-9868-57a2d4851a1d" relativeResultsDirectory="8f8eee39-bda0-4067-8dac-2737bedfa1b7" />
    <UnitTestResult executionId="3e842881-eb6a-49c5-a800-11083e2d16ca" testId="6b01e434-badd-f77f-c563-ad3cb7d65e93" testName="Jellyfin.Plugin.TvHeadendApi.Tests.Integration.JellyfinApiEndToEndTests.RelayMetrics_ReturnsMetrics" computerName="MOONVALLEY" duration="00:00:00.0084683" startTime="2026-05-01T07:24:31.3113232+02:00" endTime="2026-05-01T07:24:31.3113235+02:00" testType="13cdc9d9-ddb5-4fa4-a97d-d965ccfc6d4b" outcome="Passed" testListId="8c84fa94-04c1-424b-9868-57a2d4851a1d" relativeResultsDirectory="3e842881-eb6a-49c5-a800-11083e2d16ca" />
    <UnitTestResult executionId="a27ced63-d2dc-49bd-b954-ec0fa1743784" testId="8d55538a-c957-3780-4343-b97ec83b13eb" testName="Jellyfin.Plugin.TvHeadendApi.Tests.Integration.JellyfinApiEndToEndTests.Statistics_AfterClear_ReturnsEmpty" computerName="MOONVALLEY" duration="00:00:00.0224285" startTime="2026-05-01T07:24:31.5549444+02:00" endTime="2026-05-01T07:24:31.5549447+02:00" testType="13cdc9d9-ddb5-4fa4-a97d-d965ccfc6d4b" outcome="Passed" testListId="8c84fa94-04c1-424b-9868-57a2d4851a1d" relativeResultsDirectory="a27ced63-d2dc-49bd-b954-ec0fa1743784" />
    <UnitTestResult executionId="c4b52538-c2e4-4686-9064-7ab8b301634e" testId="64518c4a-692a-0389-6583-5a78d040393e" testName="Jellyfin.Plugin.TvHeadendApi.Tests.Integration.EndToEndIntegrationTests.DiagnosticService_DiagnoseAsync_DetectsStreamingProfile" computerName="MOONVALLEY" duration="00:00:00.0134696" startTime="2026-05-01T07:23:47.2315925+02:00" endTime="2026-05-01T07:23:47.2315928+02:00" testType="13cdc9d9-ddb5-4fa4-a97d-d965ccfc6d4b" outcome="Passed" testListId="8c84fa94-04c1-424b-9868-57a2d4851a1d" relativeResultsDirectory="c4b52538-c2e4-4686-9064-7ab8b301634e" />
    <UnitTestResult executionId="a86ca7b3-9ffd-4007-9f88-67eaaffdce21" testId="e9df776d-fd82-2cd5-3b13-9e5793d29df7" testName="Jellyfin.Plugin.TvHeadendApi.Tests.Integration.JellyfinApiEndToEndTests.Statistics_ReturnsResult" computerName="MOONVALLEY" duration="00:00:00.1555521" startTime="2026-05-01T07:24:31.8167659+02:00" endTime="2026-05-01T07:24:31.8167662+02:00" testType="13cdc9d9-ddb5-4fa4-a97d-d965ccfc6d4b" outcome="Passed" testListId="8c84fa94-04c1-424b-9868-57a2d4851a1d" relativeResultsDirectory="a86ca7b3-9ffd-4007-9f88-67eaaffdce21" />
    <UnitTestResult executionId="d46587d9-c9ee-4bbf-a76c-3439c93f2e0d" testId="8b92db0c-9376-0f65-c3e9-a31046f29f5f" testName="Jellyfin.Plugin.TvHeadendApi.Tests.Integration.DeepVerificationTests.Discovered_ContainsPassProfile" computerName="MOONVALLEY" duration="00:00:00.0107238" startTime="2026-05-01T07:23:45.8623830+02:00" endTime="2026-05-01T07:23:45.8623833+02:00" testType="13cdc9d9-ddb5-4fa4-a97d-d965ccfc6d4b" outcome="Passed" testListId="8c84fa94-04c1-424b-9868-57a2d4851a1d" relativeResultsDirectory="d46587d9-c9ee-4bbf-a76c-3439c93f2e0d" />
    <UnitTestResult executionId="61fbc088-d021-4823-8ad3-7565c30d5f33" testId="8b994184-22a8-05c3-d884-407a6b985e89" testName="Jellyfin.Plugin.TvHeadendApi.Tests.Integration.LiveServiceIntegrationTests.GuideService_GetChannelTagsAsync_ReturnsDictionary" computerName="MOONVALLEY" duration="00:00:00.0072725" startTime="2026-05-01T07:23:44.6593722+02:00" endTime="2026-05-01T07:23:44.6593727+02:00" testType="13cdc9d9-ddb5-4fa4-a97d-d965ccfc6d4b" outcome="Passed" testListId="8c84fa94-04c1-424b-9868-57a2d4851a1d" relativeResultsDirectory="61fbc088-d021-4823-8ad3-7565c30d5f33" />
    <UnitTestResult executionId="9140e999-cd95-4708-b35e-0842cda1a633" testId="4286d14c-0009-b54a-c0ae-1bed15e11192" testName="Jellyfin.Plugin.TvHeadendApi.Tests.Integration.JellyfinApiEndToEndTests.CreateProfile_CreatesJellyfinProfile" computerName="MOONVALLEY" duration="00:00:00.0621916" startTime="2026-05-01T07:24:31.4736785+02:00" endTime="2026-05-01T07:24:31.4736787+02:00" testType="13cdc9d9-ddb5-4fa4-a97d-d965ccfc6d4b" outcome="Passed" testListId="8c84fa94-04c1-424b-9868-57a2d4851a1d" relativeResultsDirectory="9140e999-cd95-4708-b35e-0842cda1a633" />
    <UnitTestResult executionId="a01fa276-fa65-407c-9bbf-582cc76ffa00" testId="60cfc92f-2d08-3bf6-294b-414246d57bfd" testName="Jellyfin.Plugin.TvHeadendApi.Tests.Integration.ExtendedE2ETests.WarmCache_ThenDiagnose_ShowsFullCoverage" computerName="MOONVALLEY" duration="00:00:10.8512975" startTime="2026-05-01T07:24:05.5102513+02:00" endTime="2026-05-01T07:24:05.5102515+02:00" testType="13cdc9d9-ddb5-4fa4-a97d-d965ccfc6d4b" outcome="Passed" testListId="8c84fa94-04c1-424b-9868-57a2d4851a1d" relativeResultsDirectory="a01fa276-fa65-407c-9bbf-582cc76ffa00" />
    <UnitTestResult executionId="f9c90b37-7581-4c5c-8d82-ac4d0a2ed825" testId="cf42ef9c-9024-242a-633e-028fec564d04" testName="Jellyfin.Plugin.TvHeadendApi.Tests.Integration.ExtendedE2ETests.Config_RoundTrip_BooleanFields" computerName="MOONVALLEY" duration="00:00:00.0156509" startTime="2026-05-01T07:24:31.1038515+02:00" endTime="2026-05-01T07:24:31.1038517+02:00" testType="13cdc9d9-ddb5-4fa4-a97d-d965ccfc6d4b" outcome="Passed" testListId="8c84fa94-04c1-424b-9868-57a2d4851a1d" relativeResultsDirectory="f9c90b37-7581-4c5c-8d82-ac4d0a2ed825" />
    <UnitTestResult executionId="46a5400f-cfc7-4e4d-98a9-d20e0d97c6db" testId="21f3b0eb-b8df-f513-100d-cc1ab160f127" testName="Jellyfin.Plugin.TvHeadendApi.Tests.Integration.JellyfinApiEndToEndTests.Discovered_ReturnsProfiles" computerName="MOONVALLEY" duration="00:00:00.0037083" startTime="2026-05-01T07:24:31.4108442+02:00" endTime="2026-05-01T07:24:31.4108446+02:00" testType="13cdc9d9-ddb5-4fa4-a97d-d965ccfc6d4b" outcome="Passed" testListId="8c84fa94-04c1-424b-9868-57a2d4851a1d" relativeResultsDirectory="46a5400f-cfc7-4e4d-98a9-d20e0d97c6db" />
    <UnitTestResult executionId="c94ee4aa-ed60-439a-ae11-463992d759e9" testId="dfe5a027-4c1c-02f5-1973-a6da186031c9" testName="Jellyfin.Plugin.TvHeadendApi.Tests.Integration.DeepVerificationTests.RelayTokenSecurity_InvalidToken_Rejected" computerName="MOONVALLEY" duration="00:00:00.1215149" startTime="2026-05-01T07:23:45.6256715+02:00" endTime="2026-05-01T07:23:45.6256718+02:00" testType="13cdc9d9-ddb5-4fa4-a97d-d965ccfc6d4b" outcome="Passed" testListId="8c84fa94-04c1-424b-9868-57a2d4851a1d" relativeResultsDirectory="c94ee4aa-ed60-439a-ae11-463992d759e9" />
    <UnitTestResult executionId="17f30f37-5b12-4dbb-bc25-4ef62016ad2c" testId="e50e0c3f-dbfb-e3fd-3743-0c6fd97ab43b" testName="Jellyfin.Plugin.TvHeadendApi.Tests.Integration.LiveServiceIntegrationTests.ProfileResolver_GetProfilesAsync_ReturnsAtLeastOneProfile" computerName="MOONVALLEY" duration="00:00:00.0141911" startTime="2026-05-01T07:23:44.5315995+02:00" endTime="2026-05-01T07:23:44.5315996+02:00" testType="13cdc9d9-ddb5-4fa4-a97d-d965ccfc6d4b" outcome="Passed" testListId="8c84fa94-04c1-424b-9868-57a2d4851a1d" relativeResultsDirectory="17f30f37-5b12-4dbb-bc25-4ef62016ad2c" />
    <UnitTestResult executionId="e1785b35-963f-4d77-b752-013e40553e09" testId="447dbdc8-45c6-0a9d-eccb-cbd61e4e4d89" testName="Jellyfin.Plugin.TvHeadendApi.Tests.Integration.JellyfinApiEndToEndTests.RelayTokenStream_WithValidToken_Succeeds" computerName="MOONVALLEY" duration="00:00:00.0224124" startTime="2026-05-01T07:24:32.2649904+02:00" endTime="2026-05-01T07:24:32.2649918+02:00" testType="13cdc9d9-ddb5-4fa4-a97d-d965ccfc6d4b" outcome="Passed" testListId="8c84fa94-04c1-424b-9868-57a2d4851a1d" relativeResultsDirectory="e1785b35-963f-4d77-b752-013e40553e09" />
    <UnitTestResult executionId="412426a0-569c-45e5-a443-164efc81d946" testId="880ce639-4686-2b83-86f1-0f92e1741e87" testName="Jellyfin.Plugin.TvHeadendApi.Tests.Integration.DeepVerificationTests.Config_StreamingProfile_ChangeAndVerify" computerName="MOONVALLEY" duration="00:00:00.0382235" startTime="2026-05-01T07:23:46.0530819+02:00" endTime="2026-05-01T07:23:46.0530822+02:00" testType="13cdc9d9-ddb5-4fa4-a97d-d965ccfc6d4b" outcome="Passed" testListId="8c84fa94-04c1-424b-9868-57a2d4851a1d" relativeResultsDirectory="412426a0-569c-45e5-a443-164efc81d946" />
    <UnitTestResult executionId="fcc39b41-faea-47fb-bc68-b1710481456d" testId="2df17638-529a-d6f6-1e38-d2d1433a9f0d" testName="Jellyfin.Plugin.TvHeadendApi.Tests.Integration.DeepVerificationTests.ChannelGroups_ReturnsBootstrappedGroups" computerName="MOONVALLEY" duration="00:00:00.0057359" startTime="2026-05-01T07:23:45.3715517+02:00" endTime="2026-05-01T07:23:45.3715520+02:00" testType="13cdc9d9-ddb5-4fa4-a97d-d965ccfc6d4b" outcome="Passed" testListId="8c84fa94-04c1-424b-9868-57a2d4851a1d" relativeResultsDirectory="fcc39b41-faea-47fb-bc68-b1710481456d" />
    <UnitTestResult executionId="d1242457-2b37-40e0-8fd9-7d8a9f2346e5" testId="7c969132-be84-cc4a-37fa-89f7e1c25e84" testName="Jellyfin.Plugin.TvHeadendApi.Tests.Integration.JellyfinApiEndToEndTests.ResetToDefaults_ResetsAndReturnsSuccess" computerName="MOONVALLEY" duration="00:00:00.0070268" startTime="2026-05-01T07:24:31.6604211+02:00" endTime="2026-05-01T07:24:31.6604214+02:00" testType="13cdc9d9-ddb5-4fa4-a97d-d965ccfc6d4b" outcome="Passed" testListId="8c84fa94-04c1-424b-9868-57a2d4851a1d" relativeResultsDirectory="d1242457-2b37-40e0-8fd9-7d8a9f2346e5" />
    <UnitTestResult executionId="dab61775-a455-44d6-bca4-8f377745742c" testId="1dfd0f75-2a2c-863e-1cdf-7c7e6abff168" testName="Jellyfin.Plugin.TvHeadendApi.Tests.Integration.JellyfinApiEndToEndTests.Status_ReturnsActivityStatus" computerName="MOONVALLEY" duration="00:00:00.0141683" startTime="2026-05-01T07:24:31.5699474+02:00" endTime="2026-05-01T07:24:31.5699476+02:00" testType="13cdc9d9-ddb5-4fa4-a97d-d965ccfc6d4b" outcome="Passed" testListId="8c84fa94-04c1-424b-9868-57a2d4851a1d" relativeResultsDirectory="dab61775-a455-44d6-bca4-8f377745742c" />
    <UnitTestResult executionId="5771245c-242f-45d6-bf57-91f083a07423" testId="bef39295-d2fc-c142-60c3-65cd27d2efcd" testName="Jellyfin.Plugin.TvHeadendApi.Tests.Integration.ExtendedE2ETests.Validate_WithInvalidProfile_ReturnsWarnings" computerName="MOONVALLEY" duration="00:00:00.0160082" startTime="2026-05-01T07:23:54.6359063+02:00" endTime="2026-05-01T07:23:54.6359065+02:00" testType="13cdc9d9-ddb5-4fa4-a97d-d965ccfc6d4b" outcome="Passed" testListId="8c84fa94-04c1-424b-9868-57a2d4851a1d" relativeResultsDirectory="5771245c-242f-45d6-bf57-91f083a07423" />
    <UnitTestResult executionId="4196f852-f790-46b9-9c21-0233a753880a" testId="591fe7b5-2a6c-af44-5264-772a7d61d757" testName="Jellyfin.Plugin.TvHeadendApi.Tests.Integration.JellyfinApiEndToEndTests.HealthCheck_ReturnsUpdatedSnapshot" computerName="MOONVALLEY" duration="00:00:00.0048627" startTime="2026-05-01T07:24:32.2702928+02:00" endTime="2026-05-01T07:24:32.2702930+02:00" testType="13cdc9d9-ddb5-4fa4-a97d-d965ccfc6d4b" outcome="Passed" testListId="8c84fa94-04c1-424b-9868-57a2d4851a1d" relativeResultsDirectory="4196f852-f790-46b9-9c21-0233a753880a" />
    <UnitTestResult executionId="9c3a2380-da0b-4b85-899a-9bafe6e0324c" testId="f274e586-3976-4e26-7832-80204696e772" testName="Jellyfin.Plugin.TvHeadendApi.Tests.Integration.EndToEndIntegrationTests.InputMonitorService_GetInputStatusAsync_ReturnsInputEntries" computerName="MOONVALLEY" duration="00:00:00.0076307" startTime="2026-05-01T07:23:46.9956408+02:00" endTime="2026-05-01T07:23:46.9956411+02:00" testType="13cdc9d9-ddb5-4fa4-a97d-d965ccfc6d4b" outcome="Passed" testListId="8c84fa94-04c1-424b-9868-57a2d4851a1d" relativeResultsDirectory="9c3a2380-da0b-4b85-899a-9bafe6e0324c" />
    <UnitTestResult executionId="853f6ba4-671f-4655-b18b-f545f722bed6" testId="f9b71cbb-d326-06a4-caae-6074589ecf37" testName="Jellyfin.Plugin.TvHeadendApi.Tests.Integration.JellyfinApiEndToEndTests.Resolve_WithNoParams_ReturnsResult" computerName="MOONVALLEY" duration="00:00:00.0025366" startTime="2026-05-01T07:24:31.5096324+02:00" endTime="2026-05-01T07:24:31.5096325+02:00" testType="13cdc9d9-ddb5-4fa4-a97d-d965ccfc6d4b" outcome="Passed" testListId="8c84fa94-04c1-424b-9868-57a2d4851a1d" relativeResultsDirectory="853f6ba4-671f-4655-b18b-f545f722bed6" />
    <UnitTestResult executionId="83ad62da-9f56-4f16-8dec-58a332f759fb" testId="58b44324-24db-71f1-6852-33087f7ce87a" testName="Jellyfin.Plugin.TvHeadendApi.Tests.Integration.DeepVerificationTests.Diagnose_ScoreAtLeast50_WithValidChecks" computerName="MOONVALLEY" duration="00:00:00.0306435" startTime="2026-05-01T07:23:45.9355525+02:00" endTime="2026-05-01T07:23:45.9355528+02:00" testType="13cdc9d9-ddb5-4fa4-a97d-d965ccfc6d4b" outcome="Passed" testListId="8c84fa94-04c1-424b-9868-57a2d4851a1d" relativeResultsDirectory="83ad62da-9f56-4f16-8dec-58a332f759fb" />
    <UnitTestResult executionId="a13673d7-355a-41f7-89ad-87b79f11b785" testId="791d7243-3667-af87-8b77-91384666a5f9" testName="Jellyfin.Plugin.TvHeadendApi.Tests.Integration.EndToEndIntegrationTests.StatisticsService_TrackPlayback_ReflectsSessionCount" computerName="MOONVALLEY" duration="00:00:00.9459434" startTime="2026-05-01T07:23:45.4188574+02:00" endTime="2026-05-01T07:23:45.4188581+02:00" testType="13cdc9d9-ddb5-4fa4-a97d-d965ccfc6d4b" outcome="Passed" testListId="8c84fa94-04c1-424b-9868-57a2d4851a1d" relativeResultsDirectory="a13673d7-355a-41f7-89ad-87b79f11b785" />
    <UnitTestResult executionId="dcc3f96d-7102-48c9-9908-8e6775e4abf9" testId="f16a6bcf-cdf9-0db1-c486-e92918ba0679" testName="Jellyfin.Plugin.TvHeadendApi.Tests.Integration.EndToEndIntegrationTests.OrchestratorService_ResetTuner_NoErrors" computerName="MOONVALLEY" duration="00:00:00.0082498" startTime="2026-05-01T07:23:47.5044636+02:00" endTime="2026-05-01T07:23:47.5044640+02:00" testType="13cdc9d9-ddb5-4fa4-a97d-d965ccfc6d4b" outcome="Passed" testListId="8c84fa94-04c1-424b-9868-57a2d4851a1d" relativeResultsDirectory="dcc3f96d-7102-48c9-9908-8e6775e4abf9" />
    <UnitTestResult executionId="1e65c9da-6fef-4c4a-a3b8-14a0c1d0e80f" testId="1d4dcdfd-6efe-f721-8f3b-1afe059bf864" testName="Jellyfin.Plugin.TvHeadendApi.Tests.Integration.EndToEndIntegrationTests.DvrService_CreateAndCancelTimerAsync_RoundTrips" computerName="MOONVALLEY" duration="00:00:00.0588591" startTime="2026-05-01T07:23:45.7644597+02:00" endTime="2026-05-01T07:23:45.7644600+02:00" testType="13cdc9d9-ddb5-4fa4-a97d-d965ccfc6d4b" outcome="Passed" testListId="8c84fa94-04c1-424b-9868-57a2d4851a1d" relativeResultsDirectory="1e65c9da-6fef-4c4a-a3b8-14a0c1d0e80f" />
    <UnitTestResult executionId="6d2190b3-ab1a-4e68-9ae9-d200a7833fea" testId="b3e05eea-561e-ecfc-11d9-310998eaad94" testName="Jellyfin.Plugin.TvHeadendApi.Tests.Integration.JellyfinApiEndToEndTests.Diagnose_ReturnsCompatibilityReport" computerName="MOONVALLEY" duration="00:00:00.0106534" startTime="2026-05-01T07:24:31.3478484+02:00" endTime="2026-05-01T07:24:31.3478486+02:00" testType="13cdc9d9-ddb5-4fa4-a97d-d965ccfc6d4b" outcome="Passed" testListId="8c84fa94-04c1-424b-9868-57a2d4851a1d" relativeResultsDirectory="6d2190b3-ab1a-4e68-9ae9-d200a7833fea" />
    <UnitTestResult executionId="b0973e25-b2ad-46f3-9aa0-080d4191de0e" testId="27b6d053-b47d-e5eb-64ac-61772e19bce2" testName="Jellyfin.Plugin.TvHeadendApi.Tests.Integration.DeepVerificationTests.Dashboard_ContainsHealthAndServerData" computerName="MOONVALLEY" duration="00:00:00.2250444" startTime="2026-05-01T07:23:45.8512337+02:00" endTime="2026-05-01T07:23:45.8512341+02:00" testType="13cdc9d9-ddb5-4fa4-a97d-d965ccfc6d4b" outcome="Passed" testListId="8c84fa94-04c1-424b-9868-57a2d4851a1d" relativeResultsDirectory="b0973e25-b2ad-46f3-9aa0-080d4191de0e" />
    <UnitTestResult executionId="ff57f6b7-c609-452f-9ea9-784f9e211d0c" testId="54a70076-bf11-1f64-85d8-444fda46acd1" testName="Jellyfin.Plugin.TvHeadendApi.Tests.Integration.ExtendedE2ETests.Config_RoundTrip_NetworkFields" computerName="MOONVALLEY" duration="00:00:00.0193127" startTime="2026-05-01T07:23:46.0833625+02:00" endTime="2026-05-01T07:23:46.0833628+02:00" testType="13cdc9d9-ddb5-4fa4-a97d-d965ccfc6d4b" outcome="Passed" testListId="8c84fa94-04c1-424b-9868-57a2d4851a1d" relativeResultsDirectory="ff57f6b7-c609-452f-9ea9-784f9e211d0c" />
    <UnitTestResult executionId="302aa5ad-90a2-4ccf-aca6-0b4c024a556b" testId="2cca8b73-88cf-5fb7-86aa-ad7e466fb598" testName="Jellyfin.Plugin.TvHeadendApi.Tests.Integration.ExtendedE2ETests.RelayMetrics_AfterStream_ShowsActivity" computerName="MOONVALLEY" duration="00:00:05.4603048" startTime="2026-05-01T07:23:54.6090945+02:00" endTime="2026-05-01T07:23:54.6090949+02:00" testType="13cdc9d9-ddb5-4fa4-a97d-d965ccfc6d4b" outcome="Passed" testListId="8c84fa94-04c1-424b-9868-57a2d4851a1d" relativeResultsDirectory="302aa5ad-90a2-4ccf-aca6-0b4c024a556b" />
    <UnitTestResult executionId="662545d9-846a-4331-a229-5f3bd656c150" testId="22290fb8-c2ef-8194-554d-f04d80850d73" testName="Jellyfin.Plugin.TvHeadendApi.Tests.Integration.LiveServiceIntegrationTests.InputMonitorService_GetInputStatusAsync_ReturnsListWithoutError" computerName="MOONVALLEY" duration="00:00:00.0135153" startTime="2026-05-01T07:23:44.5420812+02:00" endTime="2026-05-01T07:23:44.5420814+02:00" testType="13cdc9d9-ddb5-4fa4-a97d-d965ccfc6d4b" outcome="Passed" testListId="8c84fa94-04c1-424b-9868-57a2d4851a1d" relativeResultsDirectory="662545d9-846a-4331-a229-5f3bd656c150" />
    <UnitTestResult executionId="799f75b6-cbf3-4dae-8eb2-7fb1492e7341" testId="53d813f9-58e5-60df-7af2-8b6446085c1b" testName="Jellyfin.Plugin.TvHeadendApi.Tests.Integration.DeepVerificationTests.ProfileValidation_NoWarningsForValidProfiles" computerName="MOONVALLEY" duration="00:00:00.0499822" startTime="2026-05-01T07:23:45.5036659+02:00" endTime="2026-05-01T07:23:45.5036663+02:00" testType="13cdc9d9-ddb5-4fa4-a97d-d965ccfc6d4b" outcome="Passed" testListId="8c84fa94-04c1-424b-9868-57a2d4851a1d" relativeResultsDirectory="799f75b6-cbf3-4dae-8eb2-7fb1492e7341" />
    <UnitTestResult executionId="1523f937-383b-4e24-9532-b33ca4e2d011" testId="d49698c1-a830-86d2-9b95-8249bb791c86" testName="Jellyfin.Plugin.TvHeadendApi.Tests.Integration.JellyfinApiEndToEndTests.ChannelGroups_ReturnsGroupList" computerName="MOONVALLEY" duration="00:00:00.0167508" startTime="2026-05-01T07:24:31.6529319+02:00" endTime="2026-05-01T07:24:31.6529322+02:00" testType="13cdc9d9-ddb5-4fa4-a97d-d965ccfc6d4b" outcome="Passed" testListId="8c84fa94-04c1-424b-9868-57a2d4851a1d" relativeResultsDirectory="1523f937-383b-4e24-9532-b33ca4e2d011" />
    <UnitTestResult executionId="1bdd74b0-4e14-40cf-8622-fbde57f7062f" testId="c787d9be-330c-2430-b161-c96e8f67c3bf" testName="Jellyfin.Plugin.TvHeadendApi.Tests.Integration.LiveServiceIntegrationTests.DvrService_GetRecordingProfileUuidAsync_ReturnsDefaultProfileUuid" computerName="MOONVALLEY" duration="00:00:00.0134644" startTime="2026-05-01T07:23:44.7602353+02:00" endTime="2026-05-01T07:23:44.7602358+02:00" testType="13cdc9d9-ddb5-4fa4-a97d-d965ccfc6d4b" outcome="Passed" testListId="8c84fa94-04c1-424b-9868-57a2d4851a1d" relativeResultsDirectory="1bdd74b0-4e14-40cf-8622-fbde57f7062f" />
    <UnitTestResult executionId="08176fe2-f895-45ae-bd23-5a8182eae0fe" testId="114569c0-4d75-0d98-c68a-1e8775857351" testName="Jellyfin.Plugin.TvHeadendApi.Tests.Integration.LiveServiceIntegrationTests.GuideService_GetProgramsAsync_ReturnsEmptyList_WhenNoEpgData" computerName="MOONVALLEY" duration="00:00:00.0219217" startTime="2026-05-01T07:23:44.5646473+02:00" endTime="2026-05-01T07:23:44.5646477+02:00" testType="13cdc9d9-ddb5-4fa4-a97d-d965ccfc6d4b" outcome="Passed" testListId="8c84fa94-04c1-424b-9868-57a2d4851a1d" relativeResultsDirectory="08176fe2-f895-45ae-bd23-5a8182eae0fe" />
    <UnitTestResult executionId="e47847e4-a3ef-4082-bcba-6abaf255e0f1" testId="327eb101-f2f4-2e7c-3786-fbe93b4ded98" testName="Jellyfin.Plugin.TvHeadendApi.Tests.Integration.EndToEndIntegrationTests.DefaultProfileService_CreateProfileAsync_CreatesStreamingProfile" computerName="MOONVALLEY" duration="00:00:00.0506017" startTime="2026-05-01T07:23:45.8582461+02:00" endTime="2026-05-01T07:23:45.8582464+02:00" testType="13cdc9d9-ddb5-4fa4-a97d-d965ccfc6d4b" outcome="Passed" testListId="8c84fa94-04c1-424b-9868-57a2d4851a1d" relativeResultsDirectory="e47847e4-a3ef-4082-bcba-6abaf255e0f1" />
    <UnitTestResult executionId="cb13ada0-53b9-440b-983e-e874f9e10331" testId="e068fe96-0696-188d-283f-92d891ef5f84" testName="Jellyfin.Plugin.TvHeadendApi.Tests.Integration.EndToEndIntegrationTests.DvrService_GetTimersAsync_ReturnsTimerList" computerName="MOONVALLEY" duration="00:00:00.0066667" startTime="2026-05-01T07:23:45.5895949+02:00" endTime="2026-05-01T07:23:45.5895953+02:00" testType="13cdc9d9-ddb5-4fa4-a97d-d965ccfc6d4b" outcome="Passed" testListId="8c84fa94-04c1-424b-9868-57a2d4851a1d" relativeResultsDirectory="cb13ada0-53b9-440b-983e-e874f9e10331" />
    <UnitTestResult executionId="ee615f5f-858b-49ff-9725-9142de720d17" testId="d6a7db41-3d7d-be7d-4e87-d42269d3b582" testName="Jellyfin.Plugin.TvHeadendApi.Tests.Integration.ExtendedE2ETests.DashboardLogs_SearchFilter_MatchesText" computerName="MOONVALLEY" duration="00:00:00.0286300" startTime="2026-05-01T07:24:05.5394057+02:00" endTime="2026-05-01T07:24:05.5394061+02:00" testType="13cdc9d9-ddb5-4fa4-a97d-d965ccfc6d4b" outcome="Passed" testListId="8c84fa94-04c1-424b-9868-57a2d4851a1d" relativeResultsDirectory="ee615f5f-858b-49ff-9725-9142de720d17" />
    <UnitTestResult executionId="451cb2ad-b6b2-4b88-9ed6-57c1f4c7d630" testId="b78adc14-8caa-6426-3ee1-29e155ff6bab" testName="Jellyfin.Plugin.TvHeadendApi.Tests.Integration.LiveServiceIntegrationTests.ProfileResolver_ResolveProfileByNameAsync_ResolvesPassProfile" computerName="MOONVALLEY" duration="00:00:00.0265726" startTime="2026-05-01T07:23:44.5918188+02:00" endTime="2026-05-01T07:23:44.5918193+02:00" testType="13cdc9d9-ddb5-4fa4-a97d-d965ccfc6d4b" outcome="Passed" testListId="8c84fa94-04c1-424b-9868-57a2d4851a1d" relativeResultsDirectory="451cb2ad-b6b2-4b88-9ed6-57c1f4c7d630" />
  </Results>
  <TestDefinitions>
    <UnitTest name="Jellyfin.Plugin.TvHeadendApi.Tests.Integration.JellyfinApiEndToEndTests.RelayMetrics_ReturnsMetrics" storage="c:\users\john-pierre hanneman\ideaprojects\jellyfin-plugin-tvheadend-api\jellyfin.plugin.tvheadendapi.tests\bin\release\net8.0\jellyfin.plugin.tvheadendapi.tests.dll" id="6b01e434-badd-f77f-c563-ad3cb7d65e93">
      <Execution id="3e842881-eb6a-49c5-a800-11083e2d16ca" />
      <TestMethod codeBase="C:\Users\John-Pierre Hanneman\IdeaProjects\jellyfin-plugin-tvheadend-api\Jellyfin.Plugin.TvHeadendApi.Tests\bin\Release\net8.0\Jellyfin.Plugin.TvHeadendApi.Tests.dll" adapterTypeName="executor://xunit/VsTestRunner2/netcoreapp" className="Jellyfin.Plugin.TvHeadendApi.Tests.Integration.JellyfinApiEndToEndTests" name="RelayMetrics_ReturnsMetrics" />
    </UnitTest>
    <UnitTest name="Jellyfin.Plugin.TvHeadendApi.Tests.Integration.EndToEndIntegrationTests.SubscriptionService_GetActiveSubscriptionsAsync_ReturnsList" storage="c:\users\john-pierre hanneman\ideaprojects\jellyfin-plugin-tvheadend-api\jellyfin.plugin.tvheadendapi.tests\bin\release\net8.0\jellyfin.plugin.tvheadendapi.tests.dll" id="148881f9-3f1e-be91-b383-094eebc97d6e">
      <Execution id="d1b024b6-f89b-48b9-bf1b-b20b38ac290d" />
      <TestMethod codeBase="C:\Users\John-Pierre Hanneman\IdeaProjects\jellyfin-plugin-tvheadend-api\Jellyfin.Plugin.TvHeadendApi.Tests\bin\Release\net8.0\Jellyfin.Plugin.TvHeadendApi.Tests.dll" adapterTypeName="executor://xunit/VsTestRunner2/netcoreapp" className="Jellyfin.Plugin.TvHeadendApi.Tests.Integration.EndToEndIntegrationTests" name="SubscriptionService_GetActiveSubscriptionsAsync_ReturnsList" />
    </UnitTest>
    <UnitTest name="Jellyfin.Plugin.TvHeadendApi.Tests.Integration.JellyfinApiEndToEndTests.Validate_ReturnsArrayOrEmpty" storage="c:\users\john-pierre hanneman\ideaprojects\jellyfin-plugin-tvheadend-api\jellyfin.plugin.tvheadendapi.tests\bin\release\net8.0\jellyfin.plugin.tvheadendapi.tests.dll" id="cad44ed8-3282-f21a-efd7-d0b06e9f7842">
      <Execution id="c661605e-2a25-405b-a92f-7f61bb8d1a49" />
[...]
    <TestEntry testId="04df0e74-a248-beca-beea-f81171558977" executionId="d4e30d91-3e0a-46c0-ae1c-6daef989f927" testListId="8c84fa94-04c1-424b-9868-57a2d4851a1d" />
    <TestEntry testId="18f14f48-c092-f757-ed88-f601424d1346" executionId="e1e3411c-4527-4944-8dc2-6efab5df08ab" testListId="8c84fa94-04c1-424b-9868-57a2d4851a1d" />
    <TestEntry testId="5ae4fd5c-0186-b7e4-2638-941865665893" executionId="bea1632c-8bc5-42a1-a443-cfd65366c529" testListId="8c84fa94-04c1-424b-9868-57a2d4851a1d" />
    <TestEntry testId="a55f8495-c2d1-7628-60fe-3e4ed404a53b" executionId="92c34379-b42a-4c51-98b9-e1e0348fb846" testListId="8c84fa94-04c1-424b-9868-57a2d4851a1d" />
    <TestEntry testId="11ec4eb1-08cb-b267-7a17-660d787955de" executionId="2310d6d5-936e-4d9c-8822-08fc763a72ad" testListId="8c84fa94-04c1-424b-9868-57a2d4851a1d" />
    <TestEntry testId="23faa8ce-ab9b-2cb9-d2fb-812734a8d0aa" executionId="e0233c52-c2a1-43c4-ade5-9973c56c3a94" testListId="8c84fa94-04c1-424b-9868-57a2d4851a1d" />
    <TestEntry testId="b455c924-73fd-a6ea-77cf-5881a7251a0a" executionId="20dd6726-cba2-46a3-ad9d-6896bf11e7d1" testListId="8c84fa94-04c1-424b-9868-57a2d4851a1d" />
    <TestEntry testId="a5724b5c-6aa3-d8a0-ec12-3e7464107fdb" executionId="a3ccf37a-4a7d-4bce-a475-3867b9ac4ffb" testListId="8c84fa94-04c1-424b-9868-57a2d4851a1d" />
    <TestEntry testId="12f33f94-37b9-2345-9ae5-f12b05fca708" executionId="9ff5f244-aef8-4512-92db-d250900ca775" testListId="8c84fa94-04c1-424b-9868-57a2d4851a1d" />
    <TestEntry testId="e7a80541-e81a-5d71-ac2d-90c4e1f89aa9" executionId="bcde1b59-441a-4fbf-bb61-cab26f875b97" testListId="8c84fa94-04c1-424b-9868-57a2d4851a1d" />
    <TestEntry testId="d7e454d2-0166-b3e7-741c-d3aed03ed928" executionId="f9fc413b-1826-4532-88aa-263bfb606730" testListId="8c84fa94-04c1-424b-9868-57a2d4851a1d" />
    <TestEntry testId="cee6245c-f717-297a-b9d0-0a11f4e9b42f" executionId="35720548-2c55-42aa-ae39-65185d13b4c1" testListId="8c84fa94-04c1-424b-9868-57a2d4851a1d" />
    <TestEntry testId="9e9a300f-2db6-45de-0a00-6440362f3d55" executionId="25d20bbb-1f4d-46ac-92b0-f8b99f4a3470" testListId="8c84fa94-04c1-424b-9868-57a2d4851a1d" />
    <TestEntry testId="1af5f66e-3b2b-dd34-04e5-bb06d444a254" executionId="8a12d089-a8b0-4c1d-8faf-d285eeb0abbb" testListId="8c84fa94-04c1-424b-9868-57a2d4851a1d" />
    <TestEntry testId="4d19b9cc-ec9a-5825-a00d-4f7ae211fa2a" executionId="c7108785-4bc0-4ff7-bfd9-bf23d325193e" testListId="8c84fa94-04c1-424b-9868-57a2d4851a1d" />
    <TestEntry testId="0273ae62-3f0c-d3a8-8bee-e45420bc86e9" executionId="167d8931-1d85-458d-af35-efd84d674604" testListId="8c84fa94-04c1-424b-9868-57a2d4851a1d" />
    <TestEntry testId="3afda5b1-bb79-6d02-c636-4380e9f82300" executionId="5af92a29-fd38-4349-9b5e-011dd52a2a16" testListId="8c84fa94-04c1-424b-9868-57a2d4851a1d" />
    <TestEntry testId="fb392ff9-da1f-3027-260c-b0e542435825" executionId="9cc058a3-39b7-4f9e-b840-69674416d824" testListId="8c84fa94-04c1-424b-9868-57a2d4851a1d" />
    <TestEntry testId="c57a7b26-1d18-04d3-d767-dee9c2ee6774" executionId="1d7dc3aa-74ae-402f-a0dd-512e847006c9" testListId="8c84fa94-04c1-424b-9868-57a2d4851a1d" />
    <TestEntry testId="086c2ff8-c05e-38e9-9294-324038a32968" executionId="a338ae18-33ee-48ea-add1-e017ec9dcdcd" testListId="8c84fa94-04c1-424b-9868-57a2d4851a1d" />
    <TestEntry testId="aad8ca00-f9c9-b06e-4102-e26b42ecf280" executionId="6426663e-2858-48b0-9688-85c966003e79" testListId="8c84fa94-04c1-424b-9868-57a2d4851a1d" />
    <TestEntry testId="21e3eeb3-b725-1a02-ebcc-cac2dbe5ec44" executionId="cf837b0c-7a80-4c61-b28a-40d49b133d65" testListId="8c84fa94-04c1-424b-9868-57a2d4851a1d" />
    <TestEntry testId="3a4cba0e-bbcd-b769-b7f3-de10af45790d" executionId="47c62673-9d21-48a0-b7d3-2e7511ee0181" testListId="8c84fa94-04c1-424b-9868-57a2d4851a1d" />
    <TestEntry testId="24ae2544-0211-fc3f-b36e-bf8f9bd0d84d" executionId="98f5ee62-4087-4d69-9640-5e55b98af73a" testListId="8c84fa94-04c1-424b-9868-57a2d4851a1d" />
    <TestEntry testId="1d2d865e-e4ee-bdb9-83f0-f4866ef3a788" executionId="82b56ffe-2175-469d-b7e8-701bab8dc7b7" testListId="8c84fa94-04c1-424b-9868-57a2d4851a1d" />
    <TestEntry testId="c3c223e4-f8e5-2b76-133b-8e6a3ed1cca6" executionId="b179b071-84e1-413a-bf69-32e2b036c7fe" testListId="8c84fa94-04c1-424b-9868-57a2d4851a1d" />
    <TestEntry testId="cf6c885c-a40a-1f0c-3041-7a05653d174f" executionId="d075f1f1-188c-4b73-9166-ba556ca94d39" testListId="8c84fa94-04c1-424b-9868-57a2d4851a1d" />
    <TestEntry testId="0fe2419e-59de-c4ce-9d33-d6a5ae6380b4" executionId="68a92564-4c90-4341-ba9d-5159684ff84b" testListId="8c84fa94-04c1-424b-9868-57a2d4851a1d" />
    <TestEntry testId="8fb77f22-6395-19fd-d02a-d2e4429566ab" executionId="8d90869f-e41f-4ce8-a511-8a718078698a" testListId="8c84fa94-04c1-424b-9868-57a2d4851a1d" />
    <TestEntry testId="c6eb664f-8de6-429f-1201-7776b0149006" executionId="50974dbb-12a5-4e24-9a55-88bbd073072c" testListId="8c84fa94-04c1-424b-9868-57a2d4851a1d" />
    <TestEntry testId="daeb2bc2-fa42-c105-4147-fb47d9ac433a" executionId="3d9b6021-63b9-4a49-942c-0de367883de7" testListId="8c84fa94-04c1-424b-9868-57a2d4851a1d" />
    <TestEntry testId="074ffe51-4ac4-693d-eb10-d29584a7c38d" executionId="60a285d6-96b4-4e7f-b026-e85d438902ed" testListId="8c84fa94-04c1-424b-9868-57a2d4851a1d" />
    <TestEntry testId="1e2fd43e-9f05-307d-2731-95f89199a228" executionId="81b61934-9578-457c-9e2e-39a458a5dacb" testListId="8c84fa94-04c1-424b-9868-57a2d4851a1d" />
    <TestEntry testId="8e0dba26-9857-4afa-0f4c-34fe599b7d77" executionId="997093d7-876c-404d-8093-78bba10af7c8" testListId="8c84fa94-04c1-424b-9868-57a2d4851a1d" />
    <TestEntry testId="2e507bb6-7036-1494-7f16-cebd63569212" executionId="39da531d-be75-47d5-a33c-eee86c34bca8" testListId="8c84fa94-04c1-424b-9868-57a2d4851a1d" />
    <TestEntry testId="4e3d20b9-d4e8-947e-851d-d5d33aec6d5a" executionId="3805e6b9-4b3b-4727-a5df-3c85f74c3439" testListId="8c84fa94-04c1-424b-9868-57a2d4851a1d" />
    <TestEntry testId="9134f17b-7175-cbc6-e160-14089f89ca9f" executionId="095b9bd1-d1d4-4e08-9ba8-de009c77abdf" testListId="8c84fa94-04c1-424b-9868-57a2d4851a1d" />
    <TestEntry testId="4a739eb5-cbb0-2f83-8515-b1712b233e11" executionId="5f50e4bb-f213-4213-bf32-218774e0f946" testListId="8c84fa94-04c1-424b-9868-57a2d4851a1d" />
    <TestEntry testId="0bb916be-9caf-2365-d349-b0fe96e0de6d" executionId="d52296b4-d568-41a9-b968-fe1e6ff3f03d" testListId="8c84fa94-04c1-424b-9868-57a2d4851a1d" />
    <TestEntry testId="54722b4b-af5f-211d-a67f-ba17da233fe4" executionId="88645179-d8d7-43ca-ad0b-81e26824486f" testListId="8c84fa94-04c1-424b-9868-57a2d4851a1d" />
    <TestEntry testId="c21588ed-a40a-da78-3a26-201459011767" executionId="b3e605e5-9de3-44b6-acdd-77db55bdc624" testListId="8c84fa94-04c1-424b-9868-57a2d4851a1d" />
    <TestEntry testId="7c7ab803-8792-1b81-d400-b4f355451c77" executionId="f8181ac6-ef14-4e7b-ada5-33d1b52de8a5" testListId="8c84fa94-04c1-424b-9868-57a2d4851a1d" />
    <TestEntry testId="e00e438b-b5a3-ee1c-515e-c9569fd638f9" executionId="bad47958-e302-4b95-b85b-9010cecbcac2" testListId="8c84fa94-04c1-424b-9868-57a2d4851a1d" />
    <TestEntry testId="52ba11c4-3863-b373-c943-efc2d3b8ee49" executionId="dc05b189-a218-457a-8def-532e548013c9" testListId="8c84fa94-04c1-424b-9868-57a2d4851a1d" />
    <TestEntry testId="71466740-3a3b-bef5-3468-5e7382f1bf72" executionId="525c511f-efdb-46e7-ba75-cf49ea4e7263" testListId="8c84fa94-04c1-424b-9868-57a2d4851a1d" />
    <TestEntry testId="9a2b0a26-41e4-910d-08c4-81b35c24968c" executionId="159b2d0d-0fe5-44e4-8499-b8546d881162" testListId="8c84fa94-04c1-424b-9868-57a2d4851a1d" />
    <TestEntry testId="202b0864-cc79-9539-d518-310f7b30d7bf" executionId="b28992b1-a45c-4555-afcc-83a93c7f91ce" testListId="8c84fa94-04c1-424b-9868-57a2d4851a1d" />
    <TestEntry testId="ef6fa58d-d6cf-6821-dbb1-6f336973f7f9" executionId="2f6f8f15-af47-4339-9192-2b2d2408f278" testListId="8c84fa94-04c1-424b-9868-57a2d4851a1d" />
    <TestEntry testId="3d7b6b97-c38e-9eaa-c9b4-a675fb700fb1" executionId="1ac3d285-522c-411d-9818-18daae060946" testListId="8c84fa94-04c1-424b-9868-57a2d4851a1d" />
    <TestEntry testId="60e23af6-4b43-99a5-9007-31e5586c1129" executionId="5d6e0685-ee47-4716-bed2-f492e8acef9a" testListId="8c84fa94-04c1-424b-9868-57a2d4851a1d" />
    <TestEntry testId="898c10cc-3fd2-24bc-1018-bd0485f08e72" executionId="393202f7-c8f6-4036-846a-898a1e788edd" testListId="8c84fa94-04c1-424b-9868-57a2d4851a1d" />
    <TestEntry testId="b690d753-3e2a-85de-d20c-d4802d5bd190" executionId="34a2be4c-69ae-4c13-8213-63a12b411bf1" testListId="8c84fa94-04c1-424b-9868-57a2d4851a1d" />
    <TestEntry testId="c1a63828-8cd0-6862-0ff4-2738733cb43a" executionId="500b495c-65dd-45b0-8ea7-e099fe032843" testListId="8c84fa94-04c1-424b-9868-57a2d4851a1d" />
    <TestEntry testId="3455f0b5-9de0-c249-c1b8-356d0afbe4b5" executionId="d2309684-2e62-479f-8488-606144b54a55" testListId="8c84fa94-04c1-424b-9868-57a2d4851a1d" />
    <TestEntry testId="c6e5ff74-4042-c66c-1366-3992d19a3dd7" executionId="2c638e08-fa2d-4eed-8440-10abff727a1d" testListId="8c84fa94-04c1-424b-9868-57a2d4851a1d" />
    <TestEntry testId="f60d67a7-31f5-98e1-d2db-7883f05fccf3" executionId="0400cd40-db00-4264-bf2d-a8e7d2137c42" testListId="8c84fa94-04c1-424b-9868-57a2d4851a1d" />
    <TestEntry testId="a6563608-01ac-7b1d-97d7-5d6349cfa988" executionId="4beeaac7-5bef-46a6-9ee4-c0bbaa172b42" testListId="8c84fa94-04c1-424b-9868-57a2d4851a1d" />
    <TestEntry testId="2d242a8d-94e5-13a4-fab4-86e991d86320" executionId="ad0f3bf1-32ca-443c-91f2-3981fb383423" testListId="8c84fa94-04c1-424b-9868-57a2d4851a1d" />
    <TestEntry testId="3f0791e2-da53-767d-49e5-25537b4833a8" executionId="43b74b5f-a2b4-432f-b5a7-d65d341585ae" testListId="8c84fa94-04c1-424b-9868-57a2d4851a1d" />
    <TestEntry testId="e6498225-fe67-532f-cf71-63c30032efaa" executionId="0b8d74d2-6677-4c19-b227-78e155f0bdf0" testListId="8c84fa94-04c1-424b-9868-57a2d4851a1d" />
    <TestEntry testId="dc8a89e3-b8fd-1fe4-5ec6-5c529f6b5b4e" executionId="318748fa-5ac6-4612-a295-268fb510290c" testListId="8c84fa94-04c1-424b-9868-57a2d4851a1d" />
    <TestEntry testId="8672ccd4-bad2-4e50-cd3d-9721a486ec20" executionId="cc3e0a9b-f2ea-47a8-85f0-a385e139494f" testListId="8c84fa94-04c1-424b-9868-57a2d4851a1d" />
    <TestEntry testId="e77a0e4c-8009-2bd9-dca5-b18267a4ca5e" executionId="defa470b-e692-49d5-b270-99be7183ab31" testListId="8c84fa94-04c1-424b-9868-57a2d4851a1d" />
    <TestEntry testId="148881f9-3f1e-be91-b383-094eebc97d6e" executionId="d1b024b6-f89b-48b9-bf1b-b20b38ac290d" testListId="8c84fa94-04c1-424b-9868-57a2d4851a1d" />
    <TestEntry testId="52d9a2eb-a6b5-5e94-2e14-5ca3ed367b15" executionId="e8fbe8d5-0749-47ba-afd6-525cf7d0bbab" testListId="8c84fa94-04c1-424b-9868-57a2d4851a1d" />
    <TestEntry testId="fe520fde-3d3d-5bac-2826-1492cc231d90" executionId="47e83d34-cdc3-4549-9c4b-c24d28e461a4" testListId="8c84fa94-04c1-424b-9868-57a2d4851a1d" />
    <TestEntry testId="71f429c9-78e4-126b-2c26-ccf7141caab5" executionId="c04767ae-c7a9-40ad-b4f1-48ca105ce7c6" testListId="8c84fa94-04c1-424b-9868-57a2d4851a1d" />
    <TestEntry testId="372a094e-b0b6-ef65-b959-fd2c40819a3f" executionId="1ca80492-7c68-46fc-a7c6-b1819e155232" testListId="8c84fa94-04c1-424b-9868-57a2d4851a1d" />
    <TestEntry testId="ab40e3d3-42d3-15ea-cbc6-5a1b9942cdfb" executionId="dd8ab93e-bf6b-4866-9373-97faed96d40d" testListId="8c84fa94-04c1-424b-9868-57a2d4851a1d" />
    <TestEntry testId="2deb2700-b2e1-7d10-f196-9bfaf8b6eb65" executionId="9144b196-a4f1-4df0-98eb-c306ec1f7bcb" testListId="8c84fa94-04c1-424b-9868-57a2d4851a1d" />
    <TestEntry testId="9940d0bc-760b-65b7-de3b-f3e4c0695203" executionId="30330ab2-7ce4-4897-9916-b6cb16cb06b1" testListId="8c84fa94-04c1-424b-9868-57a2d4851a1d" />
    <TestEntry testId="fd63536e-b552-bde7-0538-629d9b8151b9" executionId="4ca2ae71-2b81-4477-980e-8bee7a90f2dd" testListId="8c84fa94-04c1-424b-9868-57a2d4851a1d" />
    <TestEntry testId="1c5c56cd-4f90-6c71-8c02-397776f23eef" executionId="bdbaa3d1-588f-474b-959d-9f9d77f00311" testListId="8c84fa94-04c1-424b-9868-57a2d4851a1d" />
    <TestEntry testId="b43faf9c-038d-1978-3307-ad8c325b23ff" executionId="a970da26-e7e1-4ca7-8a49-52a63a7ebb29" testListId="8c84fa94-04c1-424b-9868-57a2d4851a1d" />
    <TestEntry testId="cad44ed8-3282-f21a-efd7-d0b06e9f7842" executionId="c661605e-2a25-405b-a92f-7f61bb8d1a49" testListId="8c84fa94-04c1-424b-9868-57a2d4851a1d" />
    <TestEntry testId="9773cb2d-c417-866e-37e9-47d21cb5dbf9" executionId="8c31855f-7ae4-4ce6-a937-65fb6af99a92" testListId="8c84fa94-04c1-424b-9868-57a2d4851a1d" />
    <TestEntry testId="268f64cd-bcfc-2931-9019-4bf00ee28ad4" executionId="8f8eee39-bda0-4067-8dac-2737bedfa1b7" testListId="8c84fa94-04c1-424b-9868-57a2d4851a1d" />
    <TestEntry testId="6b01e434-badd-f77f-c563-ad3cb7d65e93" executionId="3e842881-eb6a-49c5-a800-11083e2d16ca" testListId="8c84fa94-04c1-424b-9868-57a2d4851a1d" />
    <TestEntry testId="8d55538a-c957-3780-4343-b97ec83b13eb" executionId="a27ced63-d2dc-49bd-b954-ec0fa1743784" testListId="8c84fa94-04c1-424b-9868-57a2d4851a1d" />
    <TestEntry testId="64518c4a-692a-0389-6583-5a78d040393e" executionId="c4b52538-c2e4-4686-9064-7ab8b301634e" testListId="8c84fa94-04c1-424b-9868-57a2d4851a1d" />
    <TestEntry testId="e9df776d-fd82-2cd5-3b13-9e5793d29df7" executionId="a86ca7b3-9ffd-4007-9f88-67eaaffdce21" testListId="8c84fa94-04c1-424b-9868-57a2d4851a1d" />
    <TestEntry testId="8b92db0c-9376-0f65-c3e9-a31046f29f5f" executionId="d46587d9-c9ee-4bbf-a76c-3439c93f2e0d" testListId="8c84fa94-04c1-424b-9868-57a2d4851a1d" />
    <TestEntry testId="8b994184-22a8-05c3-d884-407a6b985e89" executionId="61fbc088-d021-4823-8ad3-7565c30d5f33" testListId="8c84fa94-04c1-424b-9868-57a2d4851a1d" />
    <TestEntry testId="4286d14c-0009-b54a-c0ae-1bed15e11192" executionId="9140e999-cd95-4708-b35e-0842cda1a633" testListId="8c84fa94-04c1-424b-9868-57a2d4851a1d" />
    <TestEntry testId="60cfc92f-2d08-3bf6-294b-414246d57bfd" executionId="a01fa276-fa65-407c-9bbf-582cc76ffa00" testListId="8c84fa94-04c1-424b-9868-57a2d4851a1d" />
    <TestEntry testId="cf42ef9c-9024-242a-633e-028fec564d04" executionId="f9c90b37-7581-4c5c-8d82-ac4d0a2ed825" testListId="8c84fa94-04c1-424b-9868-57a2d4851a1d" />
    <TestEntry testId="21f3b0eb-b8df-f513-100d-cc1ab160f127" executionId="46a5400f-cfc7-4e4d-98a9-d20e0d97c6db" testListId="8c84fa94-04c1-424b-9868-57a2d4851a1d" />
    <TestEntry testId="dfe5a027-4c1c-02f5-1973-a6da186031c9" executionId="c94ee4aa-ed60-439a-ae11-463992d759e9" testListId="8c84fa94-04c1-424b-9868-57a2d4851a1d" />
    <TestEntry testId="e50e0c3f-dbfb-e3fd-3743-0c6fd97ab43b" executionId="17f30f37-5b12-4dbb-bc25-4ef62016ad2c" testListId="8c84fa94-04c1-424b-9868-57a2d4851a1d" />
    <TestEntry testId="447dbdc8-45c6-0a9d-eccb-cbd61e4e4d89" executionId="e1785b35-963f-4d77-b752-013e40553e09" testListId="8c84fa94-04c1-424b-9868-57a2d4851a1d" />
    <TestEntry testId="880ce639-4686-2b83-86f1-0f92e1741e87" executionId="412426a0-569c-45e5-a443-164efc81d946" testListId="8c84fa94-04c1-424b-9868-57a2d4851a1d" />
    <TestEntry testId="2df17638-529a-d6f6-1e38-d2d1433a9f0d" executionId="fcc39b41-faea-47fb-bc68-b1710481456d" testListId="8c84fa94-04c1-424b-9868-57a2d4851a1d" />
    <TestEntry testId="7c969132-be84-cc4a-37fa-89f7e1c25e84" executionId="d1242457-2b37-40e0-8fd9-7d8a9f2346e5" testListId="8c84fa94-04c1-424b-9868-57a2d4851a1d" />
    <TestEntry testId="1dfd0f75-2a2c-863e-1cdf-7c7e6abff168" executionId="dab61775-a455-44d6-bca4-8f377745742c" testListId="8c84fa94-04c1-424b-9868-57a2d4851a1d" />
    <TestEntry testId="bef39295-d2fc-c142-60c3-65cd27d2efcd" executionId="5771245c-242f-45d6-bf57-91f083a07423" testListId="8c84fa94-04c1-424b-9868-57a2d4851a1d" />
    <TestEntry testId="591fe7b5-2a6c-af44-5264-772a7d61d757" executionId="4196f852-f790-46b9-9c21-0233a753880a" testListId="8c84fa94-04c1-424b-9868-57a2d4851a1d" />
    <TestEntry testId="f274e586-3976-4e26-7832-80204696e772" executionId="9c3a2380-da0b-4b85-899a-9bafe6e0324c" testListId="8c84fa94-04c1-424b-9868-57a2d4851a1d" />
    <TestEntry testId="f9b71cbb-d326-06a4-caae-6074589ecf37" executionId="853f6ba4-671f-4655-b18b-f545f722bed6" testListId="8c84fa94-04c1-424b-9868-57a2d4851a1d" />
    <TestEntry testId="58b44324-24db-71f1-6852-33087f7ce87a" executionId="83ad62da-9f56-4f16-8dec-58a332f759fb" testListId="8c84fa94-04c1-424b-9868-57a2d4851a1d" />
    <TestEntry testId="791d7243-3667-af87-8b77-91384666a5f9" executionId="a13673d7-355a-41f7-89ad-87b79f11b785" testListId="8c84fa94-04c1-424b-9868-57a2d4851a1d" />
    <TestEntry testId="f16a6bcf-cdf9-0db1-c486-e92918ba0679" executionId="dcc3f96d-7102-48c9-9908-8e6775e4abf9" testListId="8c84fa94-04c1-424b-9868-57a2d4851a1d" />
    <TestEntry testId="1d4dcdfd-6efe-f721-8f3b-1afe059bf864" executionId="1e65c9da-6fef-4c4a-a3b8-14a0c1d0e80f" testListId="8c84fa94-04c1-424b-9868-57a2d4851a1d" />
    <TestEntry testId="b3e05eea-561e-ecfc-11d9-310998eaad94" executionId="6d2190b3-ab1a-4e68-9ae9-d200a7833fea" testListId="8c84fa94-04c1-424b-9868-57a2d4851a1d" />
    <TestEntry testId="27b6d053-b47d-e5eb-64ac-61772e19bce2" executionId="b0973e25-b2ad-46f3-9aa0-080d4191de0e" testListId="8c84fa94-04c1-424b-9868-57a2d4851a1d" />
    <TestEntry testId="54a70076-bf11-1f64-85d8-444fda46acd1" executionId="ff57f6b7-c609-452f-9ea9-784f9e211d0c" testListId="8c84fa94-04c1-424b-9868-57a2d4851a1d" />
    <TestEntry testId="2cca8b73-88cf-5fb7-86aa-ad7e466fb598" executionId="302aa5ad-90a2-4ccf-aca6-0b4c024a556b" testListId="8c84fa94-04c1-424b-9868-57a2d4851a1d" />
    <TestEntry testId="22290fb8-c2ef-8194-554d-f04d80850d73" executionId="662545d9-846a-4331-a229-5f3bd656c150" testListId="8c84fa94-04c1-424b-9868-57a2d4851a1d" />
    <TestEntry testId="53d813f9-58e5-60df-7af2-8b6446085c1b" executionId="799f75b6-cbf3-4dae-8eb2-7fb1492e7341" testListId="8c84fa94-04c1-424b-9868-57a2d4851a1d" />
    <TestEntry testId="d49698c1-a830-86d2-9b95-8249bb791c86" executionId="1523f937-383b-4e24-9532-b33ca4e2d011" testListId="8c84fa94-04c1-424b-9868-57a2d4851a1d" />
    <TestEntry testId="c787d9be-330c-2430-b161-c96e8f67c3bf" executionId="1bdd74b0-4e14-40cf-8622-fbde57f7062f" testListId="8c84fa94-04c1-424b-9868-57a2d4851a1d" />
    <TestEntry testId="114569c0-4d75-0d98-c68a-1e8775857351" executionId="08176fe2-f895-45ae-bd23-5a8182eae0fe" testListId="8c84fa94-04c1-424b-9868-57a2d4851a1d" />
    <TestEntry testId="327eb101-f2f4-2e7c-3786-fbe93b4ded98" executionId="e47847e4-a3ef-4082-bcba-6abaf255e0f1" testListId="8c84fa94-04c1-424b-9868-57a2d4851a1d" />
    <TestEntry testId="e068fe96-0696-188d-283f-92d891ef5f84" executionId="cb13ada0-53b9-440b-983e-e874f9e10331" testListId="8c84fa94-04c1-424b-9868-57a2d4851a1d" />
    <TestEntry testId="d6a7db41-3d7d-be7d-4e87-d42269d3b582" executionId="ee615f5f-858b-49ff-9725-9142de720d17" testListId="8c84fa94-04c1-424b-9868-57a2d4851a1d" />
    <TestEntry testId="b78adc14-8caa-6426-3ee1-29e155ff6bab" executionId="451cb2ad-b6b2-4b88-9ed6-57c1f4c7d630" testListId="8c84fa94-04c1-424b-9868-57a2d4851a1d" />
  </TestEntries>
  <TestLists>
    <TestList name="Ergebnisse nicht in einer Liste" id="8c84fa94-04c1-424b-9868-57a2d4851a1d" />
    <TestList name="Alle geladenen Ergebnisse" id="19431567-8539-422a-85d7-44ee4e166bda" />
  </TestLists>
  <ResultSummary outcome="Completed">
    <Counters total="136" executed="136" passed="136" failed="0" error="0" timeout="0" aborted="0" inconclusive="0" passedButRunAborted="0" notRunnable="0" notExecuted="0" disconnected="0" warning="0" completed="0" inProgress="0" pending="0" />
    <Output>
      <StdOut>[xUnit.net 00:00:00.00] xUnit.net VSTest Adapter v2.8.2+699d445a1a (64-bit .NET 8.0.26)&#xD;
[xUnit.net 00:00:00.12]   Discovering: Jellyfin.Plugin.TvHeadendApi.Tests&#xD;
[xUnit.net 00:00:00.33]   Discovered:  Jellyfin.Plugin.TvHeadendApi.Tests&#xD;
[xUnit.net 00:00:00.34]   Starting:    Jellyfin.Plugin.TvHeadendApi.Tests&#xD;
[xUnit.net 00:00:48.31]   Finished:    Jellyfin.Plugin.TvHeadendApi.Tests&#xD;
</StdOut>
    </Output>
  </ResultSummary>
</TestRun>